This is XeTeX, Version 3.141592653-2.6-0.999994 (TeX Live 2022) (preloaded format=xelatex 2022.8.4)  24 JAN 2024 11:07
entering extended mode
 restricted \write18 enabled.
 %&-line parsing enabled.
**USPSC-modelo-ICMCp.tex
(./USPSC-modelo-ICMCp.tex
LaTeX2e <2022-06-01> patch level 5
L3 programming layer <2022-07-15> (./USPSC-classe/USPSC.cls
Document Class: USPSC-classe/USPSC 01/06/2021 v3.1 USPSC
(c:/Program Files/texlive/2022/texmf-dist/tex/latex/base/ifthen.sty
Package: ifthen 2022/04/13 v1.1d Standard LaTeX ifthen package (DPC)
)
(c:/Program Files/texlive/2022/texmf-dist/tex/latex/memoir/memoir.cls
Document Class: memoir 2022/07/29 v3.7r configurable book, report, article docu
ment class
(c:/Program Files/texlive/2022/texmf-dist/tex/latex/etoolbox/etoolbox.sty
Package: etoolbox 2020/10/05 v2.5k e-TeX tools for LaTeX (JAW)
\etb@tempcnta=\count181
)
\onelineskip=\skip47
\lxvchars=\skip48
\xlvchars=\skip49
\@memcnta=\count182
\c@@memmarkcntra=\count183

(c:/Program Files/texlive/2022/texmf-dist/tex/generic/iftex/iftex.sty
Package: iftex 2022/02/03 v1.0f TeX engine tests
)
\stockheight=\skip50
\stockwidth=\skip51
\trimtop=\skip52
\trimedge=\skip53

(c:/Program Files/texlive/2022/texmf-dist/tex/latex/memoir/mem12.clo
File: mem12.clo 2022/07/29 v0.5 memoir class 12pt size option
)
\binding=\skip54
\spinemargin=\skip55
\foremargin=\skip56
\uppermargin=\skip57
\lowermargin=\skip58
\headdrop=\skip59
\normalrulethickness=\skip60
\mem@maxheadheight=\skip61
\mem@maxfootheight=\skip62
\headwidth=\skip63
\c@storedpagenumber=\count184
\memPD=\dimen138
\m@mabparskip=\skip64
\thanksmarkwidth=\skip65
\thanksmarksep=\skip66
\droptitle=\skip67
\c@book=\count185
\c@part=\count186
\c@chapter=\count187
\c@section=\count188
\c@subsection=\count189
\c@subsubsection=\count190
\c@paragraph=\count191
\c@subparagraph=\count192
\beforechapskip=\skip68
\midchapskip=\skip69
\afterchapskip=\skip70
\chapindent=\skip71
\bottomsectionskip=\skip72
\secindent=\skip73
\beforesecskip=\skip74
\aftersecskip=\skip75
\subsecindent=\skip76
\beforesubsecskip=\skip77
\aftersubsecskip=\skip78
\subsubsecindent=\skip79
\beforesubsubsecskip=\skip80
\aftersubsubsecskip=\skip81
\paraindent=\skip82
\beforeparaskip=\skip83
\afterparaskip=\skip84
\subparaindent=\skip85
\beforesubparaskip=\skip86
\aftersubparaskip=\skip87
\pfbreakskip=\skip88
\c@@ppsavesec=\count193
\c@@ppsaveapp=\count194
\ragrparindent=\dimen139
\everylistparindent=\dimen140
\parsepi=\skip89
\topsepi=\skip90
\itemsepi=\skip91
\parsepii=\skip92
\topsepii=\skip93
\topsepiii=\skip94
\itemsepii=\skip95
\itemsepiii=\skip96
\partopsepii=\skip97
\partopsepiii=\skip98
\m@msavetopsep=\skip99
\m@msavepartopsep=\skip100
\@enLab=\toks16
\abstitleskip=\skip101
\absleftindent=\skip102
\abs@leftindent=\dimen141
\absrightindent=\skip103
\absparindent=\skip104
\absparsep=\skip105
\c@vslineno=\count195
\c@poemline=\count196
\c@modulo@vs=\count197
\c@memfvsline=\count198
\vleftskip=\skip106
\vrightskip=\skip107
\stanzaskip=\skip108
\versewidth=\skip109
\vgap=\skip110
\vindent=\skip111
\vleftmargin=\dimen142
\c@verse=\count199
\c@chrsinstr=\count266
\beforepoemtitleskip=\skip112
\afterpoemtitleskip=\skip113
\c@poem=\count267
\beforePoemTitleskip=\skip114
\midPoemTitleskip=\skip115
\afterPoemTitleskip=\skip116

(c:/Program Files/texlive/2022/texmf-dist/tex/latex/tools/array.sty
Package: array 2022/03/10 v2.5f Tabular extension package (FMi)
\col@sep=\dimen143
\ar@mcellbox=\box51
\extrarowheight=\dimen144
\NC@list=\toks17
\extratabsurround=\skip117
\backup@length=\skip118
\ar@cellbox=\box52
)
(c:/Program Files/texlive/2022/texmf-dist/tex/latex/tools/dcolumn.sty
Package: dcolumn 2014/10/28 v1.06 decimal alignment package (DPC)
)
(c:/Program Files/texlive/2022/texmf-dist/tex/latex/tools/delarray.sty
Package: delarray 2014/10/28 v1.01 array delimiter package (DPC)
)
(c:/Program Files/texlive/2022/texmf-dist/tex/latex/tools/tabularx.sty
Package: tabularx 2020/01/15 v2.11c `tabularx' package (DPC)
\TX@col@width=\dimen145
\TX@old@table=\dimen146
\TX@old@col=\dimen147
\TX@target=\dimen148
\TX@delta=\dimen149
\TX@cols=\count268
\TX@ftn=\toks18
)
\heavyrulewidth=\dimen150
\lightrulewidth=\dimen151
\cmidrulewidth=\dimen152
\belowrulesep=\dimen153
\belowbottomsep=\dimen154
\aboverulesep=\dimen155
\abovetopsep=\dimen156
\cmidrulesep=\dimen157
\cmidrulekern=\dimen158
\defaultaddspace=\dimen159
\@cmidla=\count269
\@cmidlb=\count270
\@aboverulesep=\dimen160
\@belowrulesep=\dimen161
\@thisruleclass=\count271
\@lastruleclass=\count272
\@thisrulewidth=\dimen162
\ctableftskip=\skip119
\ctabrightskip=\skip120
\abovecolumnspenalty=\count273
\@linestogo=\count274
\@cellstogo=\count275
\@cellsincolumn=\count276
\crtok=\toks19
\@mincolumnwidth=\dimen163
\c@newflo@tctr=\count277
\mem@margin@floatbox=\box53
\@contcwidth=\skip121
\@contindw=\skip122
\abovecaptionskip=\skip123
\belowcaptionskip=\skip124
\subfloattopskip=\skip125
\subfloatcapskip=\skip126
\subfloatcaptopadj=\skip127
\subfloatbottomskip=\skip128
\subfloatlabelskip=\skip129
\subfloatcapmargin=\dimen164
\c@@contsubnum=\count278
\m@mscap@capbox=\box54
\m@mscap@fbox=\box55
\sidecapsep=\dimen165
\sidecapwidth=\dimen166
\m@m@tempdima=\dimen167
\m@mscapraise=\dimen168
\sidecapraise=\dimen169
\m@mscapmainwidth=\dimen170
\m@mscaplkern=\dimen171
\beforeepigraphskip=\skip130
\afterepigraphskip=\skip131
\epigraphwidth=\skip132
\epigraphrule=\skip133
LaTeX Info: Redefining \em on input line 7655.
LaTeX Info: Redefining \emph on input line 7663.
\tocentryskip=\skip134
\tocbaseline=\skip135
\cftparskip=\skip136
\cftbeforebookskip=\skip137
\cftbookindent=\dimen172
\cftbooknumwidth=\dimen173
\cftbeforepartskip=\skip138
\cftpartindent=\skip139
\cftpartnumwidth=\skip140
\cftbeforechapterskip=\skip141
\cftchapterindent=\skip142
\cftchapternumwidth=\skip143
\cftbeforesectionskip=\skip144
\cftsectionindent=\skip145
\cftsectionnumwidth=\skip146
\cftbeforesubsectionskip=\skip147
\cftsubsectionindent=\skip148
\cftsubsectionnumwidth=\skip149
\cftbeforesubsubsectionskip=\skip150
\cftsubsubsectionindent=\skip151
\cftsubsubsectionnumwidth=\skip152
\cftbeforeparagraphskip=\skip153
\cftparagraphindent=\skip154
\cftparagraphnumwidth=\skip155
\cftbeforesubparagraphskip=\skip156
\cftsubparagraphindent=\skip157
\cftsubparagraphnumwidth=\skip158
\prechapterprecisshift=\dimen174
\c@maxsecnumdepth=\count279
\bibindent=\dimen175
\bibitemsep=\skip159
\indexcolsep=\skip160
\indexrule=\skip161
\indexmarkstyle=\toks20
\@indexbox=\insert252
\glossarycolsep=\dimen176
\glossaryrule=\dimen177
\sideparvshift=\skip162
\sideins=\insert251
\sidebartopsep=\skip163
\sidebarhsep=\skip164
\sidebarvsep=\skip165
\sidebarwidth=\skip166
\footmarkwidth=\skip167
\footmarksep=\skip168
\footparindent=\skip169
\footinsdim=\skip170
\footinsv@r=\insert250
\@mpfootinsv@r=\insert249
\m@m@k=\count280
\m@m@h=\dimen178
\m@mipn@skip=\skip171
\sidefootins=\insert248
\sidefootadjust=\skip172
\sidefootheight=\skip173
\sidefoothsep=\skip174
\sidefootvsep=\skip175
\sidefootwidth=\skip176
\m@mdownsf=\skip177
\c@sidefootnote=\count281
\sidefootmarkwidth=\skip178
\sidefootmarksep=\skip179
\sidefootparindent=\skip180
\c@pagenote=\count282
\c@pagenoteshadow=\count283
\mem@pn@lastkern=\skip181
\every@verbatim=\toks21
\afterevery@verbatim=\toks22
\verbatim@line=\toks23
\tab@position=\count284
\verbatim@in@stream=\read2
\verbatimindent=\skip182
\verbatim@out=\write3
\bvboxsep=\skip183
\c@memfbvline=\count285
\c@bvlinectr=\count286
\bvnumlength=\skip184
\fb@frw=\dimen179
\fb@frh=\dimen180
\FrameRule=\dimen181
\FrameSep=\dimen182
\c@cp@cntr=\count287
\c@ism@mctr=\count288
\c@xsm@mctr=\count289
\c@csm@mctr=\count290
\c@ksm@mctr=\count291
\c@xksm@mctr=\count292
\c@cksm@mctr=\count293
\c@msm@mctr=\count294
\c@xmsm@mctr=\count295
\c@cmsm@mctr=\count296
\c@bsm@mctr=\count297
\c@workm@mctr=\count298
\c@sheetsequence=\count299
\c@lastsheet=\count300
\c@lastpage=\count301

(c:/Program Files/texlive/2022/texmf-dist/tex/latex/textcase/textcase.sty
Package: textcase 2022/07/10 v1.03 Text only upper/lower case changing (DPC)
Package textcase Info: Defining Legacy names on input line 20.
)
\c@figure=\count302
\c@lofdepth=\count303
\cftbeforefigureskip=\skip185
\cftfigureindent=\skip186
\cftfigurenumwidth=\skip187
\c@table=\count304
\c@lotdepth=\count305
\cftbeforetableskip=\skip188
\cfttableindent=\skip189
\cfttablenumwidth=\skip190
Package abstract [2008/07/23] emulated by memoir.
Package appendix [2008/07/23] emulated by memoir.
Package booktabs [2016/05/16] emulated by memoir.
Package ccaption [2008/07/23] emulated by memoir.
Package changepage [2008/07/23] emulated by memoir.
Package chngcntr [2008/07/23] emulated by memoir.
Package chngpage [2008/07/23] emulated by memoir.
Package crop emulated by memoir.
Package enumerate [2008/07/23] emulated by memoir.
Package epigraph [2008/07/23] emulated by memoir.
Package ifmtarg [2008/07/23] emulated by memoir.
Package index [2008/07/23] emulated by memoir.
Package makeidx [2008/07/23] emulated by memoir.
Package moreverb [2008/07/23] emulated by memoir.
Package needspace [2008/07/23] emulated by memoir.
Package newfile [2008/07/23] emulated by memoir.
Package nextpage [2008/07/23] emulated by memoir.
Package pagenote [2008/07/23] emulated by memoir.
Package parskip [2008/07/23] emulated by memoir.
Package patchcmd [2008/07/23] emulated by memoir.
Package setspace [2008/07/23] emulated by memoir.
Package shortvrb [2008/07/23] emulated by memoir.
Package showidx [2008/07/23] emulated by memoir.
Package titleref [2008/07/23] emulated by memoir.
Package titling [2008/07/23] emulated by memoir.
Package tocbibind [2008/07/23] emulated by memoir.
Package tocloft [2008/07/23] emulated by memoir.
Package tocvsec2 [2008/07/23] emulated by memoir.
Package verbatim [2008/07/23] emulated by memoir.
Package verse [2008/07/23] emulated by memoir.
)
(c:/Program Files/texlive/2022/texmf-dist/tex/latex/graphics/color.sty
Package: color 2022/01/06 v1.3d Standard LaTeX Color (DPC)

(c:/Program Files/texlive/2022/texmf-dist/tex/latex/graphics-cfg/color.cfg
File: color.cfg 2016/01/02 v1.6 sample color configuration
)
Package color Info: Driver file: xetex.def on input line 149.

(c:/Program Files/texlive/2022/texmf-dist/tex/latex/graphics-def/xetex.def
File: xetex.def 2022/04/16 v5.0m Graphics/color driver for xetex
)
(c:/Program Files/texlive/2022/texmf-dist/tex/latex/graphics/mathcolor.ltx))
(c:/Program Files/texlive/2022/texmf-dist/tex/latex/xcolor/xcolor.sty
Package: xcolor 2022/06/12 v2.14 LaTeX color extensions (UK)

(c:/Program Files/texlive/2022/texmf-dist/tex/latex/graphics-cfg/color.cfg
File: color.cfg 2016/01/02 v1.6 sample color configuration
)
Package xcolor Info: Driver file: xetex.def on input line 227.
LaTeX Info: Redefining \color on input line 711.

(c:/Program Files/texlive/2022/texmf-dist/tex/latex/graphics/mathcolor.ltx)
Package xcolor Info: Model `cmy' substituted by `cmy0' on input line 1353.
Package xcolor Info: Model `RGB' extended on input line 1369.
Package xcolor Info: Model `HTML' substituted by `rgb' on input line 1371.
Package xcolor Info: Model `Hsb' substituted by `hsb' on input line 1372.
Package xcolor Info: Model `tHsb' substituted by `hsb' on input line 1373.
Package xcolor Info: Model `HSB' substituted by `hsb' on input line 1374.
Package xcolor Info: Model `Gray' substituted by `gray' on input line 1375.
Package xcolor Info: Model `wave' substituted by `hsb' on input line 1376.
)
(c:/Program Files/texlive/2022/texmf-dist/tex/latex/hyperref/hyperref.sty
Package: hyperref 2022-06-20 v7.00s Hypertext links for LaTeX

(c:/Program Files/texlive/2022/texmf-dist/tex/generic/ltxcmds/ltxcmds.sty
Package: ltxcmds 2020-05-10 v1.25 LaTeX kernel commands for general use (HO)
)
(c:/Program Files/texlive/2022/texmf-dist/tex/generic/pdftexcmds/pdftexcmds.sty
Package: pdftexcmds 2020-06-27 v0.33 Utility functions of pdfTeX for LuaTeX (HO
)
(c:/Program Files/texlive/2022/texmf-dist/tex/generic/infwarerr/infwarerr.sty
Package: infwarerr 2019/12/03 v1.5 Providing info/warning/error messages (HO)
)
Package pdftexcmds Info: \pdf@primitive is available.
Package pdftexcmds Info: \pdf@ifprimitive is available.
Package pdftexcmds Info: \pdfdraftmode not found.
) (c:/Program Files/texlive/2022/texmf-dist/tex/latex/graphics/keyval.sty
Package: keyval 2022/05/29 v1.15 key=value parser (DPC)
\KV@toks@=\toks24
)
(c:/Program Files/texlive/2022/texmf-dist/tex/generic/kvsetkeys/kvsetkeys.sty
Package: kvsetkeys 2019/12/15 v1.18 Key value parser (HO)
)
(c:/Program Files/texlive/2022/texmf-dist/tex/generic/kvdefinekeys/kvdefinekeys
.sty
Package: kvdefinekeys 2019-12-19 v1.6 Define keys (HO)
)
(c:/Program Files/texlive/2022/texmf-dist/tex/generic/pdfescape/pdfescape.sty
Package: pdfescape 2019/12/09 v1.15 Implements pdfTeX's escape features (HO)
)
(c:/Program Files/texlive/2022/texmf-dist/tex/latex/hycolor/hycolor.sty
Package: hycolor 2020-01-27 v1.10 Color options for hyperref/bookmark (HO)
)
(c:/Program Files/texlive/2022/texmf-dist/tex/latex/letltxmacro/letltxmacro.sty
Package: letltxmacro 2019/12/03 v1.6 Let assignment for LaTeX macros (HO)
) (c:/Program Files/texlive/2022/texmf-dist/tex/latex/auxhook/auxhook.sty
Package: auxhook 2019-12-17 v1.6 Hooks for auxiliary files (HO)
)
(c:/Program Files/texlive/2022/texmf-dist/tex/latex/hyperref/nameref.sty
Package: nameref 2022-05-17 v2.50 Cross-referencing by name of section

(c:/Program Files/texlive/2022/texmf-dist/tex/latex/refcount/refcount.sty
Package: refcount 2019/12/15 v3.6 Data extraction from label references (HO)
)
(c:/Program Files/texlive/2022/texmf-dist/tex/generic/gettitlestring/gettitlest
ring.sty
Package: gettitlestring 2019/12/15 v1.6 Cleanup title references (HO)

(c:/Program Files/texlive/2022/texmf-dist/tex/latex/kvoptions/kvoptions.sty
Package: kvoptions 2022-06-15 v3.15 Key value format for package options (HO)
))
\c@section@level=\count306
)
\@linkdim=\dimen183
\Hy@linkcounter=\count307
\Hy@pagecounter=\count308

(c:/Program Files/texlive/2022/texmf-dist/tex/latex/hyperref/pd1enc.def
File: pd1enc.def 2022-06-20 v7.00s Hyperref: PDFDocEncoding definition (HO)
)
(c:/Program Files/texlive/2022/texmf-dist/tex/generic/intcalc/intcalc.sty
Package: intcalc 2019/12/15 v1.3 Expandable calculations with integers (HO)
)
(c:/Program Files/texlive/2022/texmf-dist/tex/generic/etexcmds/etexcmds.sty
Package: etexcmds 2019/12/15 v1.7 Avoid name clashes with e-TeX commands (HO)
)
\Hy@SavedSpaceFactor=\count309

(c:/Program Files/texlive/2022/texmf-dist/tex/latex/hyperref/puenc.def
File: puenc.def 2022-06-20 v7.00s Hyperref: PDF Unicode definition (HO)
)
Package hyperref Info: Hyper figures OFF on input line 4162.
Package hyperref Info: Link nesting OFF on input line 4167.
Package hyperref Info: Hyper index ON on input line 4170.
Package hyperref Info: Plain pages OFF on input line 4177.
Package hyperref Info: Backreferencing OFF on input line 4182.
Package hyperref Info: Implicit mode ON; LaTeX internals redefined.
Package hyperref Info: Bookmarks ON on input line 4408.
\c@Hy@tempcnt=\count310

(c:/Program Files/texlive/2022/texmf-dist/tex/latex/url/url.sty
\Urlmuskip=\muskip16
Package: url 2013/09/16  ver 3.4  Verb mode for urls, etc.
)
LaTeX Info: Redefining \url on input line 4746.
\XeTeXLinkMargin=\dimen184

(c:/Program Files/texlive/2022/texmf-dist/tex/generic/bitset/bitset.sty
Package: bitset 2019/12/09 v1.3 Handle bit-vector datatype (HO)

(c:/Program Files/texlive/2022/texmf-dist/tex/generic/bigintcalc/bigintcalc.sty
Package: bigintcalc 2019/12/15 v1.5 Expandable calculations on big integers (HO
)
))
\Fld@menulength=\count311
\Field@Width=\dimen185
\Fld@charsize=\dimen186
Package hyperref Info: Hyper figures OFF on input line 6024.
Package hyperref Info: Link nesting OFF on input line 6029.
Package hyperref Info: Hyper index ON on input line 6032.
Package hyperref Info: backreferencing OFF on input line 6039.
Package hyperref Info: Link coloring OFF on input line 6044.
Package hyperref Info: Link coloring with OCG OFF on input line 6049.
Package hyperref Info: PDF/A mode OFF on input line 6054.
 (c:/Program Files/texlive/2022/texmf-dist/tex/latex/base/atbegshi-ltx.sty
Package: atbegshi-ltx 2021/01/10 v1.0c Emulation of the original atbegshi
package with kernel methods
)
\Hy@abspage=\count312
\c@Item=\count313
\c@Hfootnote=\count314
)
Package hyperref Info: Driver (autodetected): hxetex.

(c:/Program Files/texlive/2022/texmf-dist/tex/latex/hyperref/hxetex.def
File: hxetex.def 2022-06-20 v7.00s Hyperref driver for XeTeX

(c:/Program Files/texlive/2022/texmf-dist/tex/generic/stringenc/stringenc.sty
Package: stringenc 2019/11/29 v1.12 Convert strings between diff. encodings (HO
)
)
\pdfm@box=\box56
\c@Hy@AnnotLevel=\count315
\HyField@AnnotCount=\count316
\Fld@listcount=\count317
\c@bookmark@seq@number=\count318

(c:/Program Files/texlive/2022/texmf-dist/tex/latex/rerunfilecheck/rerunfileche
ck.sty
Package: rerunfilecheck 2022-07-10 v1.10 Rerun checks for auxiliary files (HO)

(c:/Program Files/texlive/2022/texmf-dist/tex/latex/base/atveryend-ltx.sty
Package: atveryend-ltx 2020/08/19 v1.0a Emulation of the original atveryend pac
kage
with kernel methods
)
(c:/Program Files/texlive/2022/texmf-dist/tex/generic/uniquecounter/uniquecount
er.sty
Package: uniquecounter 2019/12/15 v1.4 Provide unlimited unique counter (HO)
)
Package uniquecounter Info: New unique counter `rerunfilecheck' on input line 2
85.
)
\Hy@SectionHShift=\skip191
)
(c:/Program Files/texlive/2022/texmf-dist/tex/latex/memoir/memhfixc.sty
Package: memhfixc 2021/06/16 v1.19 nameref/hyperref package fixes for memoir cl
ass

Redoing nameref's sectioning
Redoing nameref's label
LaTeX Info: Redefining \nameref on input line 102.
\c@memhycontfloat=\count319
\c@Hpagenote=\count320
) (c:/Program Files/texlive/2022/texmf-dist/tex/latex/bookmark/bookmark.sty
Package: bookmark 2020-11-06 v1.29 PDF bookmarks (HO)

(c:/Program Files/texlive/2022/texmf-dist/tex/latex/bookmark/bkm-dvipdfm.def
File: bkm-dvipdfm.def 2020-11-06 v1.29 bookmark driver for dvipdfm (HO)
\BKM@id=\count321
))
(c:/Program Files/texlive/2022/texmf-dist/tex/generic/babel/babel.sty
Package: babel 2022/07/20 3.78 The Babel package
\babel@savecnt=\count322
\U@D=\dimen187
\l@unhyphenated=\language87

(c:/Program Files/texlive/2022/texmf-dist/tex/generic/babel/xebabel.def
(c:/Program Files/texlive/2022/texmf-dist/tex/generic/babel/txtbabel.def))
\bbl@readstream=\read3
\bbl@dirlevel=\count323

(c:/Program Files/texlive/2022/texmf-dist/tex/generic/babel-english/english.ldf
Language: english 2017/06/06 v3.3r English support from the babel system
Package babel Info: Hyphen rules for 'canadian' set to \l@english
(babel)             (\language0). Reported on input line 102.
Package babel Info: Hyphen rules for 'australian' set to \l@ukenglish
(babel)             (\language21). Reported on input line 105.
Package babel Info: Hyphen rules for 'newzealand' set to \l@ukenglish
(babel)             (\language21). Reported on input line 108.
) (c:/Program Files/texlive/2022/texmf-dist/tex/generic/babel-french/french.ldf
Language: french 2022/04/18 v3.5n French support from the babel system
Package babel Info: Hyphen rules for 'acadian' set to \l@french
(babel)             (\language29). Reported on input line 91.
Package babel Info: Hyphen rules for 'canadien' set to \l@french
(babel)             (\language29). Reported on input line 92.
\FB@nonchar=\count324
Package french.ldf Info: No need for active punctuation characters
(french.ldf)             with this version of XeTeX!
(french.ldf)             reported on input line 332.
\FB@punctthick=\XeTeXcharclass1
\FB@punctthin=\XeTeXcharclass2
\FB@punctnul=\XeTeXcharclass3
\FB@guilo=\XeTeXcharclass4
\FB@guilf=\XeTeXcharclass5
\FB@guilnul=\XeTeXcharclass6
\FBguill@level=\count325
\FBold@everypar=\toks25
\FB@Mht=\dimen188
\mc@charclass=\count326
\mc@charfam=\count327
\mc@charslot=\count328
\std@mcc=\count329
\dec@mcc=\count330
\listindentFB=\dimen189
\descindentFB=\dimen190
\labelindentFB=\dimen191
\labelwidthFB=\dimen192
\leftmarginFB=\dimen193
\parindentFFN=\dimen194
\FBfnindent=\dimen195
)
(c:/Program Files/texlive/2022/texmf-dist/tex/generic/babel-spanish/spanish.ldf
Language: spanish.ldf 2021/05/27 v5.0q Spanish support from the babel system
\es@quottoks=\toks26
\es@quotdepth=\count331
Package babel Info: Making " an active character on input line 570.
Package babel Info: Making . an active character on input line 675.
Package babel Info: Making < an active character on input line 722.
Package babel Info: Making > an active character on input line 722.
)
(c:/Program Files/texlive/2022/texmf-dist/tex/generic/babel-portuges/brazil.ldf
Language: portuges 2021/07/09 v1.2t Portuguese support from the babel system
Package babel Info: Hyphen rules for 'brazil' set to \l@portuguese
(babel)             (\language70). Reported on input line 111.
))
(c:/Program Files/texlive/2022/texmf-dist/tex/generic/babel/locale/es/babel-spa
nish.tex
Package babel Info: Importing font and identification data for spanish
(babel)             from babel-es.ini. Reported on input line 11.
)
(c:/Program Files/texlive/2022/texmf-dist/tex/generic/babel/locale/fr/babel-fre
nch.tex
Package babel Info: Importing font and identification data for french
(babel)             from babel-fr.ini. Reported on input line 11.
)
(c:/Program Files/texlive/2022/texmf-dist/tex/generic/babel/locale/en/babel-eng
lish.tex
Package babel Info: Importing font and identification data for english
(babel)             from babel-en.ini. Reported on input line 11.
)
(c:/Program Files/texlive/2022/texmf-dist/tex/latex/carlisle/scalefnt.sty)
(c:/Program Files/texlive/2022/texmf-dist/tex/latex/enumitem/enumitem.sty
Package: enumitem 2019/06/20 v3.9 Customized lists
\labelindent=\skip192
\enit@outerparindent=\dimen196
\enit@toks=\toks27
\enit@inbox=\box57
\enit@count@id=\count332
\enitdp@description=\count333
)
(c:/Program Files/texlive/2022/texmf-dist/tex/latex/tools/calc.sty
Package: calc 2017/05/25 v4.3 Infix arithmetic (KKT,FJ)
\calc@Acount=\count334
\calc@Bcount=\count335
\calc@Adimen=\dimen197
\calc@Bdimen=\dimen198
\calc@Askip=\skip193
\calc@Bskip=\skip194
LaTeX Info: Redefining \setlength on input line 80.
LaTeX Info: Redefining \addtolength on input line 81.
\calc@Ccount=\count336
\calc@Cskip=\skip195
)

******************************************************
Stock height and width: 845.04684pt by 597.50787pt
Top and edge trims: 0pt and 0pt
Page height and width: 845.04684pt by 597.50787pt
Text height and width: 708pt by 455pt
Spine and edge margins: 85.35826pt and 56.9055pt
Upper and lower margins: 85.35826pt and 51.68858pt
Headheight and headsep: 14.5pt and 19.8738pt
Footskip: 30pt
Columnsep and columnseprule: 10pt and 0pt
Marginparsep and marginparwidth: 7pt and 42.9055pt
Sidecapsep and sidecapwidth: 7pt and 92pt
Sidebarhsep and sidebarwidth: 7pt and 92pt
Sidebarvsep and sidebartopsep: 14.5pt and 0pt
Sidebarheight: 590.14995pt
Sidefoothsep and sidefootwidth: 7pt and 92pt
Sidefootvsep and sidefootheight: 14.5pt and 590.14995pt
******************************************************

\c@abntex@bookmarkcounter=\count337
\c@quadro=\count338
\c@loqdepth=\count339
\cftbeforequadroskip=\skip196
\cftquadroindent=\skip197
\cftquadronumwidth=\skip198
\cftlastnumwidth=\skip199
\chapternamenumlength=\skip256
\ABNTEXcitacaorecuo=\skip257
\c@alineasi=\count340
\c@alineasii=\count341
\enitdp@alineas=\count342
\c@subalineasi=\count343
\enitdp@subalineas=\count344
\c@incisosi=\count345
\enitdp@incisos=\count346
\ABNTEXsignwidth=\skip258
\ABNTEXsignthickness=\skip259
\ABNTEXsignskip=\skip260

LaTeX Warning: \include should only be used after \begin{document} on input lin
e 1267.

(./USPSC-unidades.tex))
(c:/Program Files/texlive/2022/texmf-dist/tex/latex/base/fontenc.sty
Package: fontenc 2021/04/29 v2.0v Standard LaTeX package
LaTeX Font Info:    Trying to load font information for T1+lmr on input line 11
2.

(c:/Program Files/texlive/2022/texmf-dist/tex/latex/lm/t1lmr.fd
File: t1lmr.fd 2015/05/01 v1.6.1 Font defs for Latin Modern
))
(c:/Program Files/texlive/2022/texmf-dist/tex/latex/base/inputenc.sty
Package: inputenc 2021/02/14 v1.3d Input encoding file
\inpenc@prehook=\toks28
\inpenc@posthook=\toks29


Package inputenc Warning: inputenc package ignored with utf8 based engines.

) (c:/Program Files/texlive/2022/texmf-dist/tex/latex/lm/lmodern.sty
Package: lmodern 2015/05/01 v1.6.1 Latin Modern Fonts
LaTeX Font Info:    Overwriting symbol font `operators' in version `normal'
(Font)                  OT1/cmr/m/n --> OT1/lmr/m/n on input line 22.
LaTeX Font Info:    Overwriting symbol font `letters' in version `normal'
(Font)                  OML/cmm/m/it --> OML/lmm/m/it on input line 23.
LaTeX Font Info:    Overwriting symbol font `symbols' in version `normal'
(Font)                  OMS/cmsy/m/n --> OMS/lmsy/m/n on input line 24.
LaTeX Font Info:    Overwriting symbol font `largesymbols' in version `normal'
(Font)                  OMX/cmex/m/n --> OMX/lmex/m/n on input line 25.
LaTeX Font Info:    Overwriting symbol font `operators' in version `bold'
(Font)                  OT1/cmr/bx/n --> OT1/lmr/bx/n on input line 26.
LaTeX Font Info:    Overwriting symbol font `letters' in version `bold'
(Font)                  OML/cmm/b/it --> OML/lmm/b/it on input line 27.
LaTeX Font Info:    Overwriting symbol font `symbols' in version `bold'
(Font)                  OMS/cmsy/b/n --> OMS/lmsy/b/n on input line 28.
LaTeX Font Info:    Overwriting symbol font `largesymbols' in version `bold'
(Font)                  OMX/cmex/m/n --> OMX/lmex/m/n on input line 29.
LaTeX Font Info:    Overwriting math alphabet `\mathbf' in version `normal'
(Font)                  OT1/cmr/bx/n --> OT1/lmr/bx/n on input line 31.
LaTeX Font Info:    Overwriting math alphabet `\mathsf' in version `normal'
(Font)                  OT1/cmss/m/n --> OT1/lmss/m/n on input line 32.
LaTeX Font Info:    Overwriting math alphabet `\mathit' in version `normal'
(Font)                  OT1/cmr/m/it --> OT1/lmr/m/it on input line 33.
LaTeX Font Info:    Overwriting math alphabet `\mathtt' in version `normal'
(Font)                  OT1/cmtt/m/n --> OT1/lmtt/m/n on input line 34.
LaTeX Font Info:    Overwriting math alphabet `\mathbf' in version `bold'
(Font)                  OT1/cmr/bx/n --> OT1/lmr/bx/n on input line 35.
LaTeX Font Info:    Overwriting math alphabet `\mathsf' in version `bold'
(Font)                  OT1/cmss/bx/n --> OT1/lmss/bx/n on input line 36.
LaTeX Font Info:    Overwriting math alphabet `\mathit' in version `bold'
(Font)                  OT1/cmr/bx/it --> OT1/lmr/bx/it on input line 37.
LaTeX Font Info:    Overwriting math alphabet `\mathtt' in version `bold'
(Font)                  OT1/cmtt/m/n --> OT1/lmtt/m/n on input line 38.
)
(c:/Program Files/texlive/2022/texmf-dist/tex/latex/lastpage/lastpage.sty
Package: lastpage 2021/09/03 v1.2n Refers to last page's name (HMM; JPG)
)
(c:/Program Files/texlive/2022/texmf-dist/tex/latex/tools/indentfirst.sty
Package: indentfirst 1995/11/23 v1.03 Indent first paragraph (DPC)
)
(c:/Program Files/texlive/2022/texmf-dist/tex/latex/graphics/graphicx.sty
Package: graphicx 2021/09/16 v1.2d Enhanced LaTeX Graphics (DPC,SPQR)

(c:/Program Files/texlive/2022/texmf-dist/tex/latex/graphics/graphics.sty
Package: graphics 2022/03/10 v1.4e Standard LaTeX Graphics (DPC,SPQR)

(c:/Program Files/texlive/2022/texmf-dist/tex/latex/graphics/trig.sty
Package: trig 2021/08/11 v1.11 sin cos tan (DPC)
)
(c:/Program Files/texlive/2022/texmf-dist/tex/latex/graphics-cfg/graphics.cfg
File: graphics.cfg 2016/06/04 v1.11 sample graphics configuration
)
Package graphics Info: Driver file: xetex.def on input line 107.
)
\Gin@req@height=\dimen199
\Gin@req@width=\dimen256
) (c:/Program Files/texlive/2022/texmf-dist/tex/latex/float/float.sty
Package: float 2001/11/08 v1.3d Float enhancements (AL)
\c@float@type=\count347
\float@exts=\toks30
\float@box=\box58
\@float@everytoks=\toks31
\@floatcapt=\box59
)
(c:/Program Files/texlive/2022/texmf-dist/tex/generic/chemfig/chemfig.sty
(c:/Program Files/texlive/2022/texmf-dist/tex/latex/pgf/frontendlayer/tikz.sty
(c:/Program Files/texlive/2022/texmf-dist/tex/latex/pgf/basiclayer/pgf.sty
(c:/Program Files/texlive/2022/texmf-dist/tex/latex/pgf/utilities/pgfrcs.sty
(c:/Program Files/texlive/2022/texmf-dist/tex/generic/pgf/utilities/pgfutil-com
mon.tex
\pgfutil@everybye=\toks32
\pgfutil@tempdima=\dimen257
\pgfutil@tempdimb=\dimen258

(c:/Program Files/texlive/2022/texmf-dist/tex/generic/pgf/utilities/pgfutil-com
mon-lists.tex))
(c:/Program Files/texlive/2022/texmf-dist/tex/generic/pgf/utilities/pgfutil-lat
ex.def
\pgfutil@abb=\box60
)
(c:/Program Files/texlive/2022/texmf-dist/tex/generic/pgf/utilities/pgfrcs.code
.tex (c:/Program Files/texlive/2022/texmf-dist/tex/generic/pgf/pgf.revision.tex
)
Package: pgfrcs 2021/05/15 v3.1.9a (3.1.9a)
))
Package: pgf 2021/05/15 v3.1.9a (3.1.9a)

(c:/Program Files/texlive/2022/texmf-dist/tex/latex/pgf/basiclayer/pgfcore.sty
(c:/Program Files/texlive/2022/texmf-dist/tex/latex/pgf/systemlayer/pgfsys.sty
(c:/Program Files/texlive/2022/texmf-dist/tex/generic/pgf/systemlayer/pgfsys.co
de.tex
Package: pgfsys 2021/05/15 v3.1.9a (3.1.9a)

(c:/Program Files/texlive/2022/texmf-dist/tex/generic/pgf/utilities/pgfkeys.cod
e.tex
\pgfkeys@pathtoks=\toks33
\pgfkeys@temptoks=\toks34

(c:/Program Files/texlive/2022/texmf-dist/tex/generic/pgf/utilities/pgfkeysfilt
ered.code.tex
\pgfkeys@tmptoks=\toks35
))
\pgf@x=\dimen259
\pgf@y=\dimen260
\pgf@xa=\dimen261
\pgf@ya=\dimen262
\pgf@xb=\dimen263
\pgf@yb=\dimen264
\pgf@xc=\dimen265
\pgf@yc=\dimen266
\pgf@xd=\dimen267
\pgf@yd=\dimen268
\w@pgf@writea=\write4
\r@pgf@reada=\read4
\c@pgf@counta=\count348
\c@pgf@countb=\count349
\c@pgf@countc=\count350
\c@pgf@countd=\count351
\t@pgf@toka=\toks36
\t@pgf@tokb=\toks37
\t@pgf@tokc=\toks38
\pgf@sys@id@count=\count352

(c:/Program Files/texlive/2022/texmf-dist/tex/generic/pgf/systemlayer/pgf.cfg
File: pgf.cfg 2021/05/15 v3.1.9a (3.1.9a)
)
Driver file for pgf: pgfsys-xetex.def

(c:/Program Files/texlive/2022/texmf-dist/tex/generic/pgf/systemlayer/pgfsys-xe
tex.def
File: pgfsys-xetex.def 2021/05/15 v3.1.9a (3.1.9a)

(c:/Program Files/texlive/2022/texmf-dist/tex/generic/pgf/systemlayer/pgfsys-dv
ipdfmx.def
File: pgfsys-dvipdfmx.def 2021/05/15 v3.1.9a (3.1.9a)

(c:/Program Files/texlive/2022/texmf-dist/tex/generic/pgf/systemlayer/pgfsys-co
mmon-pdf.def
File: pgfsys-common-pdf.def 2021/05/15 v3.1.9a (3.1.9a)
)
\pgfsys@objnum=\count353
)))
(c:/Program Files/texlive/2022/texmf-dist/tex/generic/pgf/systemlayer/pgfsyssof
tpath.code.tex
File: pgfsyssoftpath.code.tex 2021/05/15 v3.1.9a (3.1.9a)
\pgfsyssoftpath@smallbuffer@items=\count354
\pgfsyssoftpath@bigbuffer@items=\count355
)
(c:/Program Files/texlive/2022/texmf-dist/tex/generic/pgf/systemlayer/pgfsyspro
tocol.code.tex
File: pgfsysprotocol.code.tex 2021/05/15 v3.1.9a (3.1.9a)
))
(c:/Program Files/texlive/2022/texmf-dist/tex/generic/pgf/basiclayer/pgfcore.co
de.tex
Package: pgfcore 2021/05/15 v3.1.9a (3.1.9a)

(c:/Program Files/texlive/2022/texmf-dist/tex/generic/pgf/math/pgfmath.code.tex

(c:/Program Files/texlive/2022/texmf-dist/tex/generic/pgf/math/pgfmathcalc.code
.tex
(c:/Program Files/texlive/2022/texmf-dist/tex/generic/pgf/math/pgfmathutil.code
.tex)
(c:/Program Files/texlive/2022/texmf-dist/tex/generic/pgf/math/pgfmathparser.co
de.tex
\pgfmath@dimen=\dimen269
\pgfmath@count=\count356
\pgfmath@box=\box61
\pgfmath@toks=\toks39
\pgfmath@stack@operand=\toks40
\pgfmath@stack@operation=\toks41
)
(c:/Program Files/texlive/2022/texmf-dist/tex/generic/pgf/math/pgfmathfunctions
.code.tex
(c:/Program Files/texlive/2022/texmf-dist/tex/generic/pgf/math/pgfmathfunctions
.basic.code.tex)
(c:/Program Files/texlive/2022/texmf-dist/tex/generic/pgf/math/pgfmathfunctions
.trigonometric.code.tex)
(c:/Program Files/texlive/2022/texmf-dist/tex/generic/pgf/math/pgfmathfunctions
.random.code.tex)
(c:/Program Files/texlive/2022/texmf-dist/tex/generic/pgf/math/pgfmathfunctions
.comparison.code.tex)
(c:/Program Files/texlive/2022/texmf-dist/tex/generic/pgf/math/pgfmathfunctions
.base.code.tex)
(c:/Program Files/texlive/2022/texmf-dist/tex/generic/pgf/math/pgfmathfunctions
.round.code.tex)
(c:/Program Files/texlive/2022/texmf-dist/tex/generic/pgf/math/pgfmathfunctions
.misc.code.tex)
(c:/Program Files/texlive/2022/texmf-dist/tex/generic/pgf/math/pgfmathfunctions
.integerarithmetics.code.tex)))
(c:/Program Files/texlive/2022/texmf-dist/tex/generic/pgf/math/pgfmathfloat.cod
e.tex
\c@pgfmathroundto@lastzeros=\count357
))
(c:/Program Files/texlive/2022/texmf-dist/tex/generic/pgf/math/pgfint.code.tex)

(c:/Program Files/texlive/2022/texmf-dist/tex/generic/pgf/basiclayer/pgfcorepoi
nts.code.tex
File: pgfcorepoints.code.tex 2021/05/15 v3.1.9a (3.1.9a)
\pgf@picminx=\dimen270
\pgf@picmaxx=\dimen271
\pgf@picminy=\dimen272
\pgf@picmaxy=\dimen273
\pgf@pathminx=\dimen274
\pgf@pathmaxx=\dimen275
\pgf@pathminy=\dimen276
\pgf@pathmaxy=\dimen277
\pgf@xx=\dimen278
\pgf@xy=\dimen279
\pgf@yx=\dimen280
\pgf@yy=\dimen281
\pgf@zx=\dimen282
\pgf@zy=\dimen283
)
(c:/Program Files/texlive/2022/texmf-dist/tex/generic/pgf/basiclayer/pgfcorepat
hconstruct.code.tex
File: pgfcorepathconstruct.code.tex 2021/05/15 v3.1.9a (3.1.9a)
\pgf@path@lastx=\dimen284
\pgf@path@lasty=\dimen285
)
(c:/Program Files/texlive/2022/texmf-dist/tex/generic/pgf/basiclayer/pgfcorepat
husage.code.tex
File: pgfcorepathusage.code.tex 2021/05/15 v3.1.9a (3.1.9a)
\pgf@shorten@end@additional=\dimen286
\pgf@shorten@start@additional=\dimen287
)
(c:/Program Files/texlive/2022/texmf-dist/tex/generic/pgf/basiclayer/pgfcoresco
pes.code.tex
File: pgfcorescopes.code.tex 2021/05/15 v3.1.9a (3.1.9a)
\pgfpic=\box62
\pgf@hbox=\box63
\pgf@layerbox@main=\box64
\pgf@picture@serial@count=\count358
)
(c:/Program Files/texlive/2022/texmf-dist/tex/generic/pgf/basiclayer/pgfcoregra
phicstate.code.tex
File: pgfcoregraphicstate.code.tex 2021/05/15 v3.1.9a (3.1.9a)
\pgflinewidth=\dimen288
)
(c:/Program Files/texlive/2022/texmf-dist/tex/generic/pgf/basiclayer/pgfcoretra
nsformations.code.tex
File: pgfcoretransformations.code.tex 2021/05/15 v3.1.9a (3.1.9a)
\pgf@pt@x=\dimen289
\pgf@pt@y=\dimen290
\pgf@pt@temp=\dimen291
)
(c:/Program Files/texlive/2022/texmf-dist/tex/generic/pgf/basiclayer/pgfcorequi
ck.code.tex
File: pgfcorequick.code.tex 2021/05/15 v3.1.9a (3.1.9a)
)
(c:/Program Files/texlive/2022/texmf-dist/tex/generic/pgf/basiclayer/pgfcoreobj
ects.code.tex
File: pgfcoreobjects.code.tex 2021/05/15 v3.1.9a (3.1.9a)
)
(c:/Program Files/texlive/2022/texmf-dist/tex/generic/pgf/basiclayer/pgfcorepat
hprocessing.code.tex
File: pgfcorepathprocessing.code.tex 2021/05/15 v3.1.9a (3.1.9a)
)
(c:/Program Files/texlive/2022/texmf-dist/tex/generic/pgf/basiclayer/pgfcorearr
ows.code.tex
File: pgfcorearrows.code.tex 2021/05/15 v3.1.9a (3.1.9a)
\pgfarrowsep=\dimen292
)
(c:/Program Files/texlive/2022/texmf-dist/tex/generic/pgf/basiclayer/pgfcoresha
de.code.tex
File: pgfcoreshade.code.tex 2021/05/15 v3.1.9a (3.1.9a)
\pgf@max=\dimen293
\pgf@sys@shading@range@num=\count359
\pgf@shadingcount=\count360
)
(c:/Program Files/texlive/2022/texmf-dist/tex/generic/pgf/basiclayer/pgfcoreima
ge.code.tex
File: pgfcoreimage.code.tex 2021/05/15 v3.1.9a (3.1.9a)

(c:/Program Files/texlive/2022/texmf-dist/tex/generic/pgf/basiclayer/pgfcoreext
ernal.code.tex
File: pgfcoreexternal.code.tex 2021/05/15 v3.1.9a (3.1.9a)
\pgfexternal@startupbox=\box65
))
(c:/Program Files/texlive/2022/texmf-dist/tex/generic/pgf/basiclayer/pgfcorelay
ers.code.tex
File: pgfcorelayers.code.tex 2021/05/15 v3.1.9a (3.1.9a)
)
(c:/Program Files/texlive/2022/texmf-dist/tex/generic/pgf/basiclayer/pgfcoretra
nsparency.code.tex
File: pgfcoretransparency.code.tex 2021/05/15 v3.1.9a (3.1.9a)
)
(c:/Program Files/texlive/2022/texmf-dist/tex/generic/pgf/basiclayer/pgfcorepat
terns.code.tex
File: pgfcorepatterns.code.tex 2021/05/15 v3.1.9a (3.1.9a)
)
(c:/Program Files/texlive/2022/texmf-dist/tex/generic/pgf/basiclayer/pgfcorerdf
.code.tex
File: pgfcorerdf.code.tex 2021/05/15 v3.1.9a (3.1.9a)
)))
(c:/Program Files/texlive/2022/texmf-dist/tex/generic/pgf/modules/pgfmoduleshap
es.code.tex
File: pgfmoduleshapes.code.tex 2021/05/15 v3.1.9a (3.1.9a)
\pgfnodeparttextbox=\box66
)
(c:/Program Files/texlive/2022/texmf-dist/tex/generic/pgf/modules/pgfmoduleplot
.code.tex
File: pgfmoduleplot.code.tex 2021/05/15 v3.1.9a (3.1.9a)
)
(c:/Program Files/texlive/2022/texmf-dist/tex/latex/pgf/compatibility/pgfcomp-v
ersion-0-65.sty
Package: pgfcomp-version-0-65 2021/05/15 v3.1.9a (3.1.9a)
\pgf@nodesepstart=\dimen294
\pgf@nodesepend=\dimen295
)
(c:/Program Files/texlive/2022/texmf-dist/tex/latex/pgf/compatibility/pgfcomp-v
ersion-1-18.sty
Package: pgfcomp-version-1-18 2021/05/15 v3.1.9a (3.1.9a)
))
(c:/Program Files/texlive/2022/texmf-dist/tex/latex/pgf/utilities/pgffor.sty
(c:/Program Files/texlive/2022/texmf-dist/tex/latex/pgf/utilities/pgfkeys.sty
(c:/Program Files/texlive/2022/texmf-dist/tex/generic/pgf/utilities/pgfkeys.cod
e.tex))
(c:/Program Files/texlive/2022/texmf-dist/tex/latex/pgf/math/pgfmath.sty
(c:/Program Files/texlive/2022/texmf-dist/tex/generic/pgf/math/pgfmath.code.tex
))
(c:/Program Files/texlive/2022/texmf-dist/tex/generic/pgf/utilities/pgffor.code
.tex
Package: pgffor 2021/05/15 v3.1.9a (3.1.9a)

(c:/Program Files/texlive/2022/texmf-dist/tex/generic/pgf/math/pgfmath.code.tex
)
\pgffor@iter=\dimen296
\pgffor@skip=\dimen297
\pgffor@stack=\toks42
\pgffor@toks=\toks43
))
(c:/Program Files/texlive/2022/texmf-dist/tex/generic/pgf/frontendlayer/tikz/ti
kz.code.tex
Package: tikz 2021/05/15 v3.1.9a (3.1.9a)

(c:/Program Files/texlive/2022/texmf-dist/tex/generic/pgf/libraries/pgflibraryp
lothandlers.code.tex
File: pgflibraryplothandlers.code.tex 2021/05/15 v3.1.9a (3.1.9a)
\pgf@plot@mark@count=\count361
\pgfplotmarksize=\dimen298
)
\tikz@lastx=\dimen299
\tikz@lasty=\dimen300
\tikz@lastxsaved=\dimen301
\tikz@lastysaved=\dimen302
\tikz@lastmovetox=\dimen303
\tikz@lastmovetoy=\dimen304
\tikzleveldistance=\dimen305
\tikzsiblingdistance=\dimen306
\tikz@figbox=\box67
\tikz@figbox@bg=\box68
\tikz@tempbox=\box69
\tikz@tempbox@bg=\box70
\tikztreelevel=\count362
\tikznumberofchildren=\count363
\tikznumberofcurrentchild=\count364
\tikz@fig@count=\count365

(c:/Program Files/texlive/2022/texmf-dist/tex/generic/pgf/modules/pgfmodulematr
ix.code.tex
File: pgfmodulematrix.code.tex 2021/05/15 v3.1.9a (3.1.9a)
\pgfmatrixcurrentrow=\count366
\pgfmatrixcurrentcolumn=\count367
\pgf@matrix@numberofcolumns=\count368
)
\tikz@expandcount=\count369

(c:/Program Files/texlive/2022/texmf-dist/tex/generic/pgf/frontendlayer/tikz/li
braries/tikzlibrarytopaths.code.tex
File: tikzlibrarytopaths.code.tex 2021/05/15 v3.1.9a (3.1.9a)
)))
(c:/Program Files/texlive/2022/texmf-dist/tex/generic/chemfig/chemfig.tex
(c:/Program Files/texlive/2022/texmf-dist/tex/generic/simplekv/simplekv.tex
Invalid UTF-8 byte or sequence at line 2 replaced by U+FFFD.
Invalid UTF-8 byte or sequence at line 35 replaced by U+FFFD.
Invalid UTF-8 byte or sequence at line 37 replaced by U+FFFD.
Invalid UTF-8 byte or sequence at line 42 replaced by U+FFFD.
Package: simplekv 2020/04/27 v0.2 Simple keyval package (CT)
Invalid UTF-8 byte or sequence at line 69 replaced by U+FFFD.
Invalid UTF-8 byte or sequence at line 86 replaced by U+FFFD.
Invalid UTF-8 byte or sequence at line 97 replaced by U+FFFD.
Invalid UTF-8 byte or sequence at line 111 replaced by U+FFFD.
Invalid UTF-8 byte or sequence at line 113 replaced by U+FFFD.
)
(c:/Program Files/texlive/2022/texmf-dist/tex/generic/pgf/libraries/pgflibrarya
rrows.meta.code.tex
File: pgflibraryarrows.meta.code.tex 2021/05/15 v3.1.9a (3.1.9a)
\pgfarrowinset=\dimen307
\pgfarrowlength=\dimen308
\pgfarrowwidth=\dimen309
\pgfarrowlinewidth=\dimen310
)
\CF_cntatomgroup=\count370
\CF_cntgroup=\count371
\CF_cntatom=\count372
\CF_cntcycle=\count373
\CF_cntcyclebonds=\count374
\CF_cntcompound=\count375
\CF_dim=\dimen311
\CF_arrowsize=\dimen312
\CF_zero=\dimen313
\CF_box=\box71
\CF_boxstuff=\box72
\CF_testbox=\box73
\CF_chargebox=\box74
\CF_substtoks=\toks44
)
Package: chemfig 2021/08/01 v1.6b Draw molecule with an easy syntax (CT)
)
(c:/Program Files/texlive/2022/texmf-dist/tex/latex/chemmacros/chemmacros.sty
(c:/Program Files/texlive/2022/texmf-dist/tex/latex/l3packages/l3keys2e/l3keys2
e.sty (c:/Program Files/texlive/2022/texmf-dist/tex/latex/l3kernel/expl3.sty
Package: expl3 2022-07-15 L3 programming layer (loader) 

(c:/Program Files/texlive/2022/texmf-dist/tex/latex/l3backend/l3backend-xetex.d
ef
File: l3backend-xetex.def 2022-07-01 L3 backend support: XeTeX
\g__graphics_track_int=\count376
\l__pdf_internal_box=\box75
\g__pdf_backend_object_int=\count377
\g__pdf_backend_annotation_int=\count378
\g__pdf_backend_link_int=\count379
))
Package: l3keys2e 2022-06-22 LaTeX2e option processing using LaTeX3 keys
)
Package: chemmacros 2022/03/11 v6.2a comprehensive support for typesetting chem
istry documents (CN & SK)
\l__chemmacros_tmpa_dim=\dimen314
\l__chemmacros_tmpb_dim=\dimen315
\l__chemmacros_tmpc_dim=\dimen316
\l__chemmacros_tmpa_int=\count380
\l__chemmacros_tmpb_int=\count381
\l__chemmacros_tmpc_int=\count382
\l__chemmacros_tmpa_box=\box76
\l__chemmacros_tmpb_box=\box77
\l__chemmacros_tmpc_box=\box78
Loading the chemmacros module `base' ...

Loading the chemmacros module `base' ...
(c:/Program Files/texlive/2022/texmf-dist/tex/latex/tools/bm.sty
Package: bm 2022/01/05 v1.2f Bold Symbol Support (DPC/FMi)
\symboldoperators=\mathgroup4
\symboldletters=\mathgroup5
\symboldsymbols=\mathgroup6
Package bm Info: No bold for \OMX/lmex/m/n, using \pmb.
LaTeX Font Info:    Redeclaring math alphabet \mathbf on input line 149.
)
(c:/Program Files/texlive/2022/texmf-dist/tex/latex/amsmath/amstext.sty
Package: amstext 2021/08/26 v2.01 AMS text

(c:/Program Files/texlive/2022/texmf-dist/tex/latex/amsmath/amsgen.sty
File: amsgen.sty 1999/11/30 v2.0 generic functions
\@emptytoks=\toks45
\ex@=\dimen317
))
Loading the chemmacros module `errorcheck' ...

Loading the chemmacros module `errorcheck' ...
Loading the chemmacros module `lang' ...
Loading the chemmacros module `lang' ...

(c:/Program Files/texlive/2022/texmf-dist/tex/latex/translations/translations.s
ty
Package: translations 2022/02/05 v1.12 internationalization of LaTeX2e packages
 (CN)
)
Loading the chemmacros module `greek' ...

Loading the chemmacros module `greek' ...
(c:/Program Files/texlive/2022/texmf-dist/tex/latex/chemgreek/chemgreek.sty
(c:/Program Files/texlive/2022/texmf-dist/tex/latex/l3packages/xparse/xparse.st
y
Package: xparse 2022-06-22 L3 Experimental document command parser
)
Package: chemgreek 2020/01/16 v1.1a interface for upright Greek letters for use
 in chemistry (CN)
\l__chemgreek_tmpa_int=\count383
\g__chemgreek_tmpa_int=\count384
)
Loading the chemmacros module `formula' ...

Loading the chemmacros module `formula' ...
Loading the chemmacros module `charges' ...
Loading the chemmacros module `charges' ...
Loading the chemmacros module `acid-base' ...
Loading the chemmacros module `acid-base' ...
Loading the chemmacros module `symbols' ...
Loading the chemmacros module `symbols' ...
Loading the chemmacros module `particles' ...
Loading the chemmacros module `particles' ...
\l__chemmacros_nucleophile_dim=\dimen318
Loading the chemmacros module `phases' ...
Loading the chemmacros module `phases' ...
\l__chemmacros_phases_space_dim=\dimen319
Loading the chemmacros module `nomenclature' ...
Loading the chemmacros module `nomenclature' ...
\l__chemmacros_cip_kern_dim=\dimen320
\l__chemmacros_iupac_hyphen_pre_dim=\dimen321
\l__chemmacros_iupac_hyphen_post_dim=\dimen322
\l__chemmacros_iupac_break_dim=\dimen323
\l__chemmacros_iupac_break_skip=\skip261
Loading the chemmacros module `tikz' ...
Loading the chemmacros module `tikz' ...

(c:/Program Files/texlive/2022/texmf-dist/tex/generic/pgf/frontendlayer/tikz/li
braries/tikzlibrarycalc.code.tex
File: tikzlibrarycalc.code.tex 2021/05/15 v3.1.9a (3.1.9a)
)
(c:/Program Files/texlive/2022/texmf-dist/tex/generic/pgf/frontendlayer/tikz/li
braries/tikzlibrarydecorations.pathmorphing.code.tex
(c:/Program Files/texlive/2022/texmf-dist/tex/generic/pgf/frontendlayer/tikz/li
braries/tikzlibrarydecorations.code.tex
(c:/Program Files/texlive/2022/texmf-dist/tex/generic/pgf/modules/pgfmoduledeco
rations.code.tex
\pgfdecoratedcompleteddistance=\dimen324
\pgfdecoratedremainingdistance=\dimen325
\pgfdecoratedinputsegmentcompleteddistance=\dimen326
\pgfdecoratedinputsegmentremainingdistance=\dimen327
\pgf@decorate@distancetomove=\dimen328
\pgf@decorate@repeatstate=\count385
\pgfdecorationsegmentamplitude=\dimen329
\pgfdecorationsegmentlength=\dimen330
)
\tikz@lib@dec@box=\box79
)
(c:/Program Files/texlive/2022/texmf-dist/tex/generic/pgf/libraries/decorations
/pgflibrarydecorations.pathmorphing.code.tex))
\l__chemmacros_el_length_dim=\dimen331
Loading the chemmacros module `isotopes' ...

Loading the chemmacros module `isotopes' ...
(c:/Program Files/texlive/2022/texmf-dist/tex/latex/elements/elements.sty
Package: elements 2022/01/29 v0.4 properties of chemical elements
\c@@elements@orbital@type=\count386
\c@@elements@shell@number=\count387
)
Loading the chemmacros module `mechanisms' ...

Loading the chemmacros module `mechanisms' ...
Loading the chemmacros module `newman' ...
Loading the chemmacros module `newman' ...
Loading the chemmacros module `orbital' ...
Loading the chemmacros module `orbital' ...
Loading the chemmacros module `polymers' ...
Loading the chemmacros module `polymers' ...
\l__chemmacros_polymer_delimiter_height_dim=\dimen332
\l__chemmacros_polymer_delimiter_depth_dim=\dimen333
Loading the chemmacros module `reactions' ...
Loading the chemmacros module `reactions' ...
\c@reaction=\count388
(c:/Program Files/texlive/2022/texmf-dist/tex/latex/mathtools/mathtools.sty
Package: mathtools 2022/06/29 v1.29 mathematical typesetting tools

(c:/Program Files/texlive/2022/texmf-dist/tex/latex/mathtools/mhsetup.sty
Package: mhsetup 2021/03/18 v1.4 programming setup (MH)
)
(c:/Program Files/texlive/2022/texmf-dist/tex/latex/amsmath/amsmath.sty
Package: amsmath 2022/04/08 v2.17n AMS math features
\@mathmargin=\skip262

For additional information on amsmath, use the `?' option.
(c:/Program Files/texlive/2022/texmf-dist/tex/latex/amsmath/amsbsy.sty
Package: amsbsy 1999/11/29 v1.2d Bold Symbols
LaTeX Info: Redefining \boldsymbol on input line 28.
\pmbraise@=\dimen334
)
(c:/Program Files/texlive/2022/texmf-dist/tex/latex/amsmath/amsopn.sty
Package: amsopn 2022/04/08 v2.04 operator names
)
\inf@bad=\count389
LaTeX Info: Redefining \frac on input line 234.
\uproot@=\count390
\leftroot@=\count391
LaTeX Info: Redefining \overline on input line 399.
LaTeX Info: Redefining \colon on input line 410.
\classnum@=\count392
\DOTSCASE@=\count393
LaTeX Info: Redefining \ldots on input line 496.
LaTeX Info: Redefining \dots on input line 499.
LaTeX Info: Redefining \cdots on input line 620.
\Mathstrutbox@=\box80
\strutbox@=\box81
LaTeX Info: Redefining \big on input line 722.
LaTeX Info: Redefining \Big on input line 723.
LaTeX Info: Redefining \bigg on input line 724.
LaTeX Info: Redefining \Bigg on input line 725.
\big@size=\dimen335
LaTeX Font Info:    Redeclaring font encoding OML on input line 743.
LaTeX Font Info:    Redeclaring font encoding OMS on input line 744.
\macc@depth=\count394
LaTeX Info: Redefining \bmod on input line 905.
LaTeX Info: Redefining \pmod on input line 910.
LaTeX Info: Redefining \smash on input line 940.
LaTeX Info: Redefining \relbar on input line 970.
LaTeX Info: Redefining \Relbar on input line 971.
\c@MaxMatrixCols=\count395
\dotsspace@=\muskip17
\c@parentequation=\count396
\dspbrk@lvl=\count397
\tag@help=\toks46
\row@=\count398
\column@=\count399
\maxfields@=\count400
\andhelp@=\toks47
\eqnshift@=\dimen336
\alignsep@=\dimen337
\tagshift@=\dimen338
\tagwidth@=\dimen339
\totwidth@=\dimen340
\lineht@=\dimen341
\@envbody=\toks48
\multlinegap=\skip263
\multlinetaggap=\skip264
\mathdisplay@stack=\toks49
LaTeX Info: Redefining \[ on input line 2953.
LaTeX Info: Redefining \] on input line 2954.
)
\g_MT_multlinerow_int=\count401
\l_MT_multwidth_dim=\dimen342
\origjot=\skip265
\l_MT_shortvdotswithinadjustabove_dim=\dimen343
\l_MT_shortvdotswithinadjustbelow_dim=\dimen344
\l_MT_above_intertext_sep=\dimen345
\l_MT_below_intertext_sep=\dimen346
\l_MT_above_shortintertext_sep=\dimen347
\l_MT_below_shortintertext_sep=\dimen348
\xmathstrut@box=\box82
\xmathstrut@dim=\dimen349
)
Loading the chemmacros module `redox' ...

Loading the chemmacros module `redox' ...
(c:/Program Files/texlive/2022/texmf-dist/tex/latex/relsize/relsize.sty
Package: relsize 2013/03/29 ver 4.1
)
\l__chemmacros_ox_number_int=\count402
\l__chemmacros_redox_sep_dim=\dimen350
\l__chemmacros_redox_sep_default_dim=\dimen351
\l__chemmacros_redox_dist_dim=\dimen352
Loading the chemmacros module `xfrac' ...

Loading the chemmacros module `xfrac' ...
(c:/Program Files/texlive/2022/texmf-dist/tex/latex/l3packages/xfrac/xfrac.sty
(c:/Program Files/texlive/2022/texmf-dist/tex/latex/base/textcomp.sty
Package: textcomp 2020/02/02 v2.0n Standard LaTeX package
)
(c:/Program Files/texlive/2022/texmf-dist/tex/latex/l3packages/xtemplate/xtempl
ate.sty
Package: xtemplate 2022-06-22 L3 Experimental prototype document functions
\l__xtemplate_tmp_dim=\dimen353
\l__xtemplate_tmp_int=\count403
\l__xtemplate_tmp_muskip=\muskip18
\l__xtemplate_tmp_skip=\skip266
)
Package: xfrac 2022-06-22 L3 Experimental split-level fractions
\l__xfrac_slash_box=\box83
\l__xfrac_tmp_box=\box84
\l__xfrac_denominator_bot_sep_dim=\dimen354
\l__xfrac_numerator_bot_sep_dim=\dimen355
\l__xfrac_numerator_top_sep_dim=\dimen356
\l__xfrac_slash_left_sep_dim=\dimen357
\l__xfrac_slash_right_sep_dim=\dimen358
\l__xfrac_slash_left_muskip=\muskip19
\l__xfrac_slash_right_muskip=\muskip20

Package xtemplate Info: Declaring object type 'xfrac' taking 3 argument(s) on
(xtemplate)             line 80.

)
Loading the chemmacros module `scheme' ...

Loading the chemmacros module `scheme' ...
(c:/Program Files/texlive/2022/texmf-dist/tex/latex/chemnum/chemnum.sty
Package: chemnum 2021/01/21 v1.3a a comprehensive approach for the numbering of
 chemical compounds (CN)

(c:/Program Files/texlive/2022/texmf-dist/tex/latex/psfrag/psfrag.sty
Package: psfrag 1998/04/11 v3.04 PSfrag (MCG)
\pfg@pcount=\count404
\pfg@scount=\count405
\pfg@temp=\write5
)
\l__chemnum_tmpa_int=\count406
\l__chemnum_tmpb_int=\count407
\l__chemnum_tmpc_int=\count408
\c@cmpdmain=\count409
\g__chemnum_main_int=\count410
\l__chemnum_compound_replace_int=\count411
)
Loading the chemmacros module `spectroscopy' ...

Loading the chemmacros module `spectroscopy' ...
(c:/Program Files/texlive/2022/texmf-dist/tex/latex/siunitx/siunitx.sty
Package: siunitx 2022-07-23 v3.1.5 A comprehensive (SI) units package
\l__siunitx_angle_tmp_dim=\dimen359
\l__siunitx_angle_marker_box=\box85
\l__siunitx_angle_unit_box=\box86
\l__siunitx_compound_count_int=\count412
\l__siunitx_number_exponent_fixed_int=\count413
\l__siunitx_number_min_decimal_int=\count414
\l__siunitx_number_min_integer_int=\count415
\l__siunitx_number_round_precision_int=\count416
\l__siunitx_number_group_first_int=\count417
\l__siunitx_number_group_size_int=\count418
\l__siunitx_number_group_minimum_int=\count419
\l__siunitx_table_tmp_box=\box87
\l__siunitx_table_tmp_dim=\dimen360
\l__siunitx_table_column_width_dim=\dimen361
\l__siunitx_table_integer_box=\box88
\l__siunitx_table_decimal_box=\box89
\l__siunitx_table_before_box=\box90
\l__siunitx_table_after_box=\box91
\l__siunitx_table_before_dim=\dimen362
\l__siunitx_table_carry_dim=\dimen363
\l__siunitx_unit_tmp_int=\count420
\l__siunitx_unit_position_int=\count421
\l__siunitx_unit_total_int=\count422
)
\l__chemmacros_nmr_space_skip=\skip267
Loading the chemmacros module `thermodynamics' ...

Loading the chemmacros module `thermodynamics' ...
Loading the chemmacros module `units' ...
Loading the chemmacros module `units' ...
Loading the chemmacros module `reactants' ...
Loading the chemmacros module `reactants' ...
Loading the chemmacros module `translations' ...
Loading the chemmacros module `translations' ...
)
(c:/Program Files/texlive/2022/texmf-dist/tex/generic/pgf/frontendlayer/tikz/li
braries/tikzlibrarypositioning.code.tex
File: tikzlibrarypositioning.code.tex 2021/05/15 v3.1.9a (3.1.9a)
)
(c:/Program Files/texlive/2022/texmf-dist/tex/latex/microtype/microtype.sty
Package: microtype 2022/06/23 v3.0f Micro-typographical refinements (RS)
\MT@toks=\toks50
\MT@tempbox=\box92
\MT@count=\count423
LaTeX Info: Redefining \noprotrusionifhmode on input line 1045.
LaTeX Info: Redefining \leftprotrusion on input line 1046.
LaTeX Info: Redefining \rightprotrusion on input line 1056.
LaTeX Info: Redefining \textls on input line 1234.
\MT@outer@kern=\dimen364
LaTeX Info: Redefining \textmicrotypecontext on input line 1858.
\MT@listname@count=\count424

(c:/Program Files/texlive/2022/texmf-dist/tex/latex/microtype/microtype-xetex.d
ef
File: microtype-xetex.def 2022/06/23 v3.0f Definitions specific to xetex (RS)
LaTeX Info: Redefining \lsstyle on input line 236.
)
Package microtype Info: Loading configuration file microtype.cfg.
 (c:/Program Files/texlive/2022/texmf-dist/tex/latex/microtype/microtype.cfg
File: microtype.cfg 2022/06/23 v3.0f microtype main configuration file (RS)
)) (c:/Program Files/texlive/2022/texmf-dist/tex/latex/pdfpages/pdfpages.sty
Package: pdfpages 2022/05/22 v0.5v Insert pages of external PDF documents (AM)

(c:/Program Files/texlive/2022/texmf-dist/tex/latex/eso-pic/eso-pic.sty
Package: eso-pic 2020/10/14 v3.0a eso-pic (RN)
\ESO@tempdima=\dimen365
\ESO@tempdimb=\dimen366
)
\AM@pagewidth=\dimen367
\AM@pageheight=\dimen368
\AM@fboxrule=\dimen369

(c:/Program Files/texlive/2022/texmf-dist/tex/latex/pdfpages/ppxetex.def
File: ppxetex.def 2022/05/22 v0.5v Pdfpages driver for XeTeX (AM)
)
\pdfpages@includegraphics@status=\count425
\AM@pagebox=\box93
\AM@global@opts=\toks51
\AM@pagecnt=\count426
\AM@toc@title=\toks52
\c@AM@survey=\count427
\AM@templatesizebox=\box94
)
(c:/Program Files/texlive/2022/texmf-dist/tex/latex/hyphenat/hyphenat.sty
Package: hyphenat 2009/09/02 v2.3c hyphenation utilities
\langwohyphens=\language88
LaTeX Info: Redefining \_ on input line 43.
)
(c:/Program Files/texlive/2022/texmf-dist/tex/latex/textpos/textpos.sty
Package: textpos 2022/07/23 v1.10.1
Package textpos Info: choosing support for LaTeX3 on input line 60.
\TP@textbox=\box95
\TP@holdbox=\box96
\TPHorizModule=\dimen370
\TPVertModule=\dimen371
\TP@margin=\dimen372
\TP@absmargin=\dimen373

Grid set 16 x 16 = 37.34424pt x 52.81541pt
\TPboxrulesize=\dimen374
\TP@ox=\dimen375
\TP@oy=\dimen376
\TP@tbargs=\toks53
TextBlockOrigin set to 0pt x 0pt
) (c:/Program Files/texlive/2022/texmf-dist/tex/latex/makebox/makebox.sty
Package: makebox 2004/07/31 v0.1 extend makebox command
)
(c:/Program Files/texlive/2022/texmf-dist/tex/latex/abntex2/abntex2cite.sty
Package: abntex2cite 2018/11/24 v-1.9.7 abnTeX2

(c:/Program Files/texlive/2022/texmf-dist/tex/latex/abntex2/abntex2abrev.sty)
\minimumbiblabelwidth=\skip268
\ABCIauxlen=\skip269
\c@ABCIaux=\count428
\c@ABCImax=\count429

(c:/Program Files/texlive/2022/texmf-dist/tex/generic/iftex/ifpdf.sty
Package: ifpdf 2019/10/25 v3.4 ifpdf legacy package. Use iftex instead.
)
(c:/Program Files/texlive/2022/texmf-dist/tex/generic/iftex/ifxetex.sty
Package: ifxetex 2019/10/25 v0.7 ifxetex legacy package. Use iftex instead.
)
\biblabelsep=\skip270
LaTeX Info: Redefining \newblock on input line 591.
LaTeX Info: Redefining \cite on input line 618.
\ABCItoken=\toks54
)
(c:/Program Files/texlive/2022/texmf-dist/tex/latex/lipsum/lipsum.sty
Package: lipsum 2021-09-20 v2.7 150 paragraphs of Lorem Ipsum dummy text
\g__lipsum_par_int=\count430
\l__lipsum_a_int=\count431
\l__lipsum_b_int=\count432

(c:/Program Files/texlive/2022/texmf-dist/tex/latex/lipsum/lipsum.ltd.tex))
(c:/Program Files/texlive/2022/texmf-dist/tex/latex/tools/multicol.sty
Package: multicol 2021/11/30 v1.9d multicolumn formatting (FMi)
\c@tracingmulticols=\count433
\mult@box=\box97
\multicol@leftmargin=\dimen377
\c@unbalance=\count434
\c@collectmore=\count435
\doublecol@number=\count436
\multicoltolerance=\count437
\multicolpretolerance=\count438
\full@width=\dimen378
\page@free=\dimen379
\premulticols=\dimen380
\postmulticols=\dimen381
\multicolsep=\skip271
\multicolbaselineskip=\skip272
\partial@page=\box98
\last@line=\box99
\maxbalancingoverflow=\dimen382
\mult@rightbox=\box100
\mult@grightbox=\box101
\mult@firstbox=\box102
\mult@gfirstbox=\box103
\@tempa=\box104
\@tempa=\box105
\@tempa=\box106
\@tempa=\box107
\@tempa=\box108
\@tempa=\box109
\@tempa=\box110
\@tempa=\box111
\@tempa=\box112
\@tempa=\box113
\@tempa=\box114
\@tempa=\box115
\@tempa=\box116
\@tempa=\box117
\@tempa=\box118
\@tempa=\box119
\@tempa=\box120
\@tempa=\box121
\@tempa=\box122
\@tempa=\box123
\@tempa=\box124
\@tempa=\box125
\@tempa=\box126
\@tempa=\box127
\@tempa=\box128
\@tempa=\box129
\@tempa=\box130
\@tempa=\box131
\@tempa=\box132
\@tempa=\box133
\@tempa=\box134
\@tempa=\box135
\@tempa=\box136
\@tempa=\box137
\@tempa=\box138
\@tempa=\box139
\c@minrows=\count439
\c@columnbadness=\count440
\c@finalcolumnbadness=\count441
\last@try=\dimen383
\multicolovershoot=\dimen384
\multicolundershoot=\dimen385
\mult@nat@firstbox=\box140
\colbreak@box=\box141
\mc@col@check@num=\count442
)
(c:/Program Files/texlive/2022/texmf-dist/tex/latex/multirow/multirow.sty
Package: multirow 2021/03/15 v2.8 Span multiple rows of a table
\multirow@colwidth=\skip273
\multirow@cntb=\count443
\multirow@dima=\skip274
\bigstrutjot=\dimen386
)
(c:/Program Files/texlive/2022/texmf-dist/tex/latex/tools/longtable.sty
Package: longtable 2021-09-01 v4.17 Multi-page Table package (DPC)
\LTleft=\skip275
\LTright=\skip276
\LTpre=\skip277
\LTpost=\skip278
\LTchunksize=\count444
\LTcapwidth=\dimen387
\LT@head=\box142
\LT@firsthead=\box143
\LT@foot=\box144
\LT@lastfoot=\box145
\LT@gbox=\box146
\LT@cols=\count445
\LT@rows=\count446
\c@LT@tables=\count447
\c@LT@chunks=\count448
\LT@p@ftn=\toks55
)
(c:/Program Files/texlive/2022/texmf-dist/tex/latex/threeparttablex/threepartta
blex.sty
Package: threeparttablex 2013/07/23 v0.3 by daleif

(c:/Program Files/texlive/2022/texmf-dist/tex/latex/threeparttable/threeparttab
le.sty
Package: threeparttable 2003/06/13  v 3.0
\@tempboxb=\box147
) (c:/Program Files/texlive/2022/texmf-dist/tex/latex/environ/environ.sty
Package: environ 2014/05/04 v0.3 A new way to define environments
(c:/Program Files/texlive/2022/texmf-dist/tex/latex/trimspaces/trimspaces.sty
Package: trimspaces 2009/09/17 v1.1 Trim spaces around a token list
))
\TPTL@width=\skip279
) (./USPSC-classe/ABNT6023-2018.sty

LaTeX Warning: You have requested package `USPSC-classe/ABNT6023-2018',
               but the package provides `ABNT6023-2018'.

Package: ABNT6023-2018 
)

LaTeX Warning: \include should only be used after \begin{document} on input lin
e 166.

(./USPSC-pre-textual-ICMC.tex)
Package hyperref Info: Option `colorlinks' set `true' on input line 195.
\USPSC-modelo-ICMCp@idxfile=\write6
\openout6 = `USPSC-modelo-ICMCp.idx'.


Writing index file USPSC-modelo-ICMCp.idx 

Package chemmacros Info: You haven't chosen a formula method so I'm assuming
(chemmacros)             the default method `chemformula'.


(c:/Program Files/texlive/2022/texmf-dist/tex/latex/chemformula/chemformula.sty
(c:/Program Files/texlive/2022/texmf-dist/tex/latex/units/nicefrac.sty
Package: nicefrac 1998/08/04 v0.9b Nice fractions
\L@UnitsRaiseDisplaystyle=\skip280
\L@UnitsRaiseTextstyle=\skip281
\L@UnitsRaiseScriptstyle=\skip282
)
Package: chemformula 2022/01/23 v4.17 typeset chemical compounds and reactions 
(CN)
\l__chemformula_tmpa_dim=\dimen388
\l__chemformula_tmpb_dim=\dimen389
\l__chemformula_tmpc_dim=\dimen390
\l__chemformula_tmpa_int=\count449
\l__chemformula_tmpb_int=\count450
\l__chemformula_tmpc_int=\count451
\l__chemformula_tmpa_box=\box148
\l__chemformula_tmpb_box=\box149
\l__chemformula_arrow_length_dim=\dimen391
\l__chemformula_arrow_label_height_dim=\dimen392
\l__chemformula_arrow_label_offset_dim=\dimen393
\l__chemformula_arrow_minimum_length_dim=\dimen394
\l__chemformula_arrow_shortage_dim=\dimen395
\l__chemformula_arrow_offset_dim=\dimen396
\l__chemformula_arrow_yshift_dim=\dimen397
\l__chemformula_radical_radius_dim=\dimen398
\l__chemformula_radical_hshift_dim=\dimen399
\l__chemformula_radical_vshift_dim=\dimen400
\l__chemformula_radical_space_dim=\dimen401
\l__chemformula_arrow_head_dim=\dimen402
\l__chemformula_name_dim=\dimen403
\l__chemformula_adduct_space_dim=\dimen404
\l__chemformula_charge_shift_dim=\dimen405
\l__chemformula_subscript_shift_dim=\dimen406
\l__chemformula_superscript_shift_dim=\dimen407
\l__chemformula_subscript_dim=\dimen408
\l__chemformula_superscript_dim=\dimen409
\l__chemformula_bond_dim=\dimen410
\l__chemformula_bond_space_dim=\dimen411
\l__chemformula_elspec_pair_distance_dim=\dimen412
\l__chemformula_elspec_pair_line_length_dim=\dimen413
\l__chemformula_elspec_pair_width_dim=\dimen414
\l__chemformula_kroegervink_positive_radius_dim=\dimen415
\l__chemformula_kroegervink_positive_hshift_dim=\dimen416
\l__chemformula_kroegervink_positive_vshift_dim=\dimen417
\l__chemformula_kroegervink_positive_space_dim=\dimen418
\l__chemformula_stoich_space_skip=\skip283
\l__chemformula_math_space_skip=\skip284
\l__chemformula_additions_symbol_space_skip=\skip285
\l__chemformula_count_tokens_int=\count452
\g__chemformula_lewis_int=\count453
\l__chemformula_arrow_arg_i_box=\box150
\l__chemformula_arrow_arg_ii_box=\box151
\l__chemformula_superscript_box=\box152
\l__chemformula_subscript_box=\box153
\l__chemformula_plus_space_skip=\skip286
\l__chemformula_minus_space_skip=\skip287
)

Package chemmacros Info: Using float defining method `float'.

\@float@every@scheme=\toks56
\c@scheme=\count454

(./USPSC-modelo-ICMCp.aux (./USPSC-TA-PreTextual/USPSC-CapaICMC.aux)
(./USPSC-TA-PreTextual/USPSC-Dedicatoria.aux)
(./USPSC-TA-PreTextual/USPSC-Agradecimentos.aux)
(./USPSC-TA-PreTextual/USPSC-Resumo.aux)
(./USPSC-TA-PreTextual/USPSC-Abstract.aux)
(./USPSC-TA-Textual/USPSC-Cap1-Introducao.aux)
(./USPSC-TA-Textual/USPSC-Cap2-RevisaoBibliografica.aux

LaTeX Warning: Label `sec-context' multiply defined.


LaTeX Warning: Label `sec-context' multiply defined.

) (./USPSC-TA-Textual/USPSC-Cap3-Desenvolvimento.aux)
(./USPSC-TA-Textual/USPSC-Cap4-Conclusao.aux))
\openout1 = `USPSC-modelo-ICMCp.aux'.

LaTeX Font Info:    Checking defaults for OML/cmm/m/it on input line 215.
LaTeX Font Info:    ... okay on input line 215.
LaTeX Font Info:    Checking defaults for OMS/cmsy/m/n on input line 215.
LaTeX Font Info:    ... okay on input line 215.
LaTeX Font Info:    Checking defaults for OT1/cmr/m/n on input line 215.
LaTeX Font Info:    ... okay on input line 215.
LaTeX Font Info:    Checking defaults for T1/cmr/m/n on input line 215.
LaTeX Font Info:    ... okay on input line 215.
LaTeX Font Info:    Checking defaults for TS1/cmr/m/n on input line 215.
LaTeX Font Info:    Trying to load font information for TS1+cmr on input line 2
15.

(c:/Program Files/texlive/2022/texmf-dist/tex/latex/base/ts1cmr.fd
File: ts1cmr.fd 2019/12/16 v2.5j Standard LaTeX font definitions
)
LaTeX Font Info:    ... okay on input line 215.
LaTeX Font Info:    Checking defaults for TU/lmr/m/n on input line 215.
LaTeX Font Info:    ... okay on input line 215.
LaTeX Font Info:    Checking defaults for OMX/cmex/m/n on input line 215.
LaTeX Font Info:    ... okay on input line 215.
LaTeX Font Info:    Checking defaults for U/cmr/m/n on input line 215.
LaTeX Font Info:    ... okay on input line 215.
LaTeX Font Info:    Checking defaults for PD1/pdf/m/n on input line 215.
LaTeX Font Info:    ... okay on input line 215.
LaTeX Font Info:    Checking defaults for PU/pdf/m/n on input line 215.
LaTeX Font Info:    ... okay on input line 215.
Package hyperref Info: Link coloring ON on input line 215.
LaTeX Info: Redefining \degres on input line 215.
LaTeX Info: Redefining \up on input line 215.
\myptabbox=\box154
\myptabboxwidth=\skip288
Package lastpage Info: Please have a look at the pageslts package at
(lastpage)             https://www.ctan.org/pkg/pageslts
(lastpage)             ! on input line 215.

(c:/Program Files/texlive/2022/texmf-dist/tex/latex/translations/translations-b
asic-dictionary-brazil.trsl
File: translations-basic-dictionary-brazil.trsl (brazil translation file `trans
lations-basic-dictionary')
)
Package translations Info: loading dictionary `translations-basic-dictionary' f
or `brazil'. on input line 215.

(c:/Program Files/texlive/2022/texmf-dist/tex/latex/translations/translations-b
asic-dictionary-spanish.trsl
File: translations-basic-dictionary-spanish.trsl (spanish translation file `tra
nslations-basic-dictionary')
)
Package translations Info: loading dictionary `translations-basic-dictionary' f
or `spanish'. on input line 215.

(c:/Program Files/texlive/2022/texmf-dist/tex/latex/translations/translations-b
asic-dictionary-french.trsl
File: translations-basic-dictionary-french.trsl (french translation file `trans
lations-basic-dictionary')
)
Package translations Info: loading dictionary `translations-basic-dictionary' f
or `french'. on input line 215.

(c:/Program Files/texlive/2022/texmf-dist/tex/latex/translations/translations-b
asic-dictionary-english.trsl
File: translations-basic-dictionary-english.trsl (english translation file `tra
nslations-basic-dictionary')
)
Package translations Info: loading dictionary `translations-basic-dictionary' f
or `english'. on input line 215.

Package chemgreek Info: Activating mapping `default' on line 215.

LaTeX Info: Redefining \microtypecontext on input line 215.
Package microtype Info: Applying patch `item' on input line 215.
Package microtype Info: Applying patch `toc' on input line 215.
Package microtype Info: Applying patch `eqnum' on input line 215.
Package microtype Info: Applying patch `footnote' on input line 215.
Package microtype Info: Character protrusion enabled (level 2).
Package microtype Info: Using default protrusion set `alltext'.
Package microtype Info: No adjustment of tracking.
Package microtype Info: No adjustment of spacing.
Package microtype Info: No adjustment of kerning.

(c:/Program Files/texlive/2022/texmf-dist/tex/latex/microtype/mt-cmr.cfg
File: mt-cmr.cfg 2013/05/19 v2.2 microtype config. file: Computer Modern Roman 
(RS)
)
(c:/Program Files/texlive/2022/texmf-dist/tex/latex/pdflscape/pdflscape.sty
Package: pdflscape 2019/12/05 v0.12 Display of landscape pages in PDF (HO)

(c:/Program Files/texlive/2022/texmf-dist/tex/latex/graphics/lscape.sty
Package: lscape 2020/05/28 v3.02 Landscape Pages (DPC)
)
Package pdflscape Info: Auto-detected driver: dvipdfm (xetex) on input line 98.

)

Package chemmacros Warning: You haven't loaded any package for upright Greek
(chemmacros)                letters or no unique choice was possible. Either
(chemmacros)                load one of packages specified in the manual or
(chemmacros)                select a chemgreek mapping manually.


(c:/Program Files/texlive/2022/texmf-dist/tex/latex/elements/elements_names_bra
zil.def)
\openout2 = `USPSC-TA-PreTextual/USPSC-CapaICMC.aux'.

 (./USPSC-TA-PreTextual/USPSC-CapaICMC.tex
LaTeX Font Info:    Trying to load font information for T1+lmss on input line 9
.

(c:/Program Files/texlive/2022/texmf-dist/tex/latex/lm/t1lmss.fd
File: t1lmss.fd 2015/05/01 v1.6.1 Font defs for Latin Modern
)
Package microtype Info: Loading generic protrusion settings for font family
(microtype)             `lmss' (encoding: T1).
(microtype)             For optimal results, create family-specific settings.
(microtype)             See the microtype manual for details.
LaTeX Font Info:    Trying to load font information for OT1+lmr on input line 1
2.

(c:/Program Files/texlive/2022/texmf-dist/tex/latex/lm/ot1lmr.fd
File: ot1lmr.fd 2015/05/01 v1.6.1 Font defs for Latin Modern
)
LaTeX Font Info:    Trying to load font information for OML+lmm on input line 1
2.

(c:/Program Files/texlive/2022/texmf-dist/tex/latex/lm/omllmm.fd
File: omllmm.fd 2015/05/01 v1.6.1 Font defs for Latin Modern
)
LaTeX Font Info:    Trying to load font information for OMS+lmsy on input line 
12.

(c:/Program Files/texlive/2022/texmf-dist/tex/latex/lm/omslmsy.fd
File: omslmsy.fd 2015/05/01 v1.6.1 Font defs for Latin Modern
)
LaTeX Font Info:    Trying to load font information for OMX+lmex on input line 
12.

(c:/Program Files/texlive/2022/texmf-dist/tex/latex/lm/omxlmex.fd
File: omxlmex.fd 2015/05/01 v1.6.1 Font defs for Latin Modern
)
LaTeX Font Info:    External font `lmex10' loaded for size
(Font)              <12> on input line 12.
LaTeX Font Info:    External font `lmex10' loaded for size
(Font)              <8> on input line 12.
LaTeX Font Info:    External font `lmex10' loaded for size
(Font)              <6> on input line 12.
)
File: USPSC-img/CapaICMC.jpg Graphic file (type bmp)
<USPSC-img/CapaICMC.jpg>
 [1


]
File: USPSC-TA-PreTextual/USPSC-PaginaEmBranco.pdf Graphic file (type pdf)
<use USPSC-TA-PreTextual/USPSC-PaginaEmBranco.pdf>
File: USPSC-TA-PreTextual/USPSC-PaginaEmBranco.pdf Graphic file (type pdf)
<use USPSC-TA-PreTextual/USPSC-PaginaEmBranco.pdf>
File: USPSC-TA-PreTextual/USPSC-PaginaEmBranco.pdf Graphic file (type pdf)
<use USPSC-TA-PreTextual/USPSC-PaginaEmBranco.pdf, page 1>
File: USPSC-TA-PreTextual/USPSC-PaginaEmBranco.pdf Graphic file (type pdf)
<use USPSC-TA-PreTextual/USPSC-PaginaEmBranco.pdf, page 1>
File: USPSC-TA-PreTextual/USPSC-PaginaEmBranco.pdf Graphic file (type pdf)
<use USPSC-TA-PreTextual/USPSC-PaginaEmBranco.pdf, page 1>
File: USPSC-TA-PreTextual/USPSC-PaginaEmBranco.pdf Graphic file (type pdf)
<use USPSC-TA-PreTextual/USPSC-PaginaEmBranco.pdf, page 1>
File: USPSC-img/CapaICMC.jpg Graphic file (type bmp)
<USPSC-img/CapaICMC.jpg>
File: USPSC-img/USPSC-PaginaEmBranco.jpg Graphic file (type bmp)
<USPSC-img/USPSC-PaginaEmBranco.jpg>
File: USPSC-TA-PreTextual/USPSC-PaginaEmBranco.pdf Graphic file (type pdf)
<use USPSC-TA-PreTextual/USPSC-PaginaEmBranco.pdf, page 1>

[2


]
Underfull \hbox (badness 10000) in paragraph at lines 254--254
[]\T1/lmr/m/n/12 Monografia apresentada ao Centro de
 []


Underfull \hbox (badness 1292) in paragraph at lines 254--254
\T1/lmr/m/n/12 Computao, Universidade de So Paulo
 []


Underfull \hbox (badness 1253) in paragraph at lines 254--254
\T1/lmr/m/n/12 - ICMC/USP, como parte dos requisitos
 []


Underfull \hbox (badness 4479) in paragraph at lines 254--254
[]\T1/lmr/m/n/12 Orientador: Prof. Dr. Rodrigo Colnago
 []

File: USPSC-img/CapaICMC.jpg Graphic file (type bmp)
<USPSC-img/CapaICMC.jpg>
File: USPSC-img/USPSC-PaginaEmBranco.jpg Graphic file (type bmp)
<USPSC-img/USPSC-PaginaEmBranco.jpg>
[3

]
File: USPSC-TA-PreTextual/fichacatalografica.pdf Graphic file (type pdf)
<use USPSC-TA-PreTextual/fichacatalografica.pdf>
File: USPSC-TA-PreTextual/fichacatalografica.pdf Graphic file (type pdf)
<use USPSC-TA-PreTextual/fichacatalografica.pdf>
File: USPSC-TA-PreTextual/fichacatalografica.pdf Graphic file (type pdf)
<use USPSC-TA-PreTextual/fichacatalografica.pdf, page 1>
File: USPSC-TA-PreTextual/fichacatalografica.pdf Graphic file (type pdf)
<use USPSC-TA-PreTextual/fichacatalografica.pdf, page 1>
File: USPSC-TA-PreTextual/fichacatalografica.pdf Graphic file (type pdf)
<use USPSC-TA-PreTextual/fichacatalografica.pdf, page 1>
File: USPSC-TA-PreTextual/fichacatalografica.pdf Graphic file (type pdf)
<use USPSC-TA-PreTextual/fichacatalografica.pdf, page 1>
File: USPSC-img/CapaICMC.jpg Graphic file (type bmp)
<USPSC-img/CapaICMC.jpg>
File: USPSC-img/USPSC-PaginaEmBranco.jpg Graphic file (type bmp)
<USPSC-img/USPSC-PaginaEmBranco.jpg>
File: USPSC-TA-PreTextual/fichacatalografica.pdf Graphic file (type pdf)
<use USPSC-TA-PreTextual/fichacatalografica.pdf, page 1>
 [4]
Underfull \hbox (badness 2173) in paragraph at lines 287--287
[]\T1/lmr/m/n/12 Monograph presented to the Centro de
 []


Underfull \hbox (badness 10000) in paragraph at lines 287--287
[]\T1/lmr/m/n/12 Advisor: Prof. Dr. Rodrigo Colnago
 []

File: USPSC-img/CapaICMC.jpg Graphic file (type bmp)
<USPSC-img/CapaICMC.jpg>
File: USPSC-img/USPSC-PaginaEmBranco.jpg Graphic file (type bmp)
<USPSC-img/USPSC-PaginaEmBranco.jpg>
[5

]
File: USPSC-TA-PreTextual/USPSC-PaginaEmBranco.pdf Graphic file (type pdf)
<use USPSC-TA-PreTextual/USPSC-PaginaEmBranco.pdf>
File: USPSC-TA-PreTextual/USPSC-PaginaEmBranco.pdf Graphic file (type pdf)
<use USPSC-TA-PreTextual/USPSC-PaginaEmBranco.pdf>
File: USPSC-TA-PreTextual/USPSC-PaginaEmBranco.pdf Graphic file (type pdf)
<use USPSC-TA-PreTextual/USPSC-PaginaEmBranco.pdf, page 1>
File: USPSC-TA-PreTextual/USPSC-PaginaEmBranco.pdf Graphic file (type pdf)
<use USPSC-TA-PreTextual/USPSC-PaginaEmBranco.pdf, page 1>
File: USPSC-TA-PreTextual/USPSC-PaginaEmBranco.pdf Graphic file (type pdf)
<use USPSC-TA-PreTextual/USPSC-PaginaEmBranco.pdf, page 1>
File: USPSC-TA-PreTextual/USPSC-PaginaEmBranco.pdf Graphic file (type pdf)
<use USPSC-TA-PreTextual/USPSC-PaginaEmBranco.pdf, page 1>
File: USPSC-img/CapaICMC.jpg Graphic file (type bmp)
<USPSC-img/CapaICMC.jpg>
File: USPSC-img/USPSC-PaginaEmBranco.jpg Graphic file (type bmp)
<USPSC-img/USPSC-PaginaEmBranco.jpg>
File: USPSC-TA-PreTextual/USPSC-PaginaEmBranco.pdf Graphic file (type pdf)
<use USPSC-TA-PreTextual/USPSC-PaginaEmBranco.pdf, page 1>
 [6]
\openout2 = `USPSC-TA-PreTextual/USPSC-Dedicatoria.aux'.

 (./USPSC-TA-PreTextual/USPSC-Dedicatoria.tex
File: USPSC-img/CapaICMC.jpg Graphic file (type bmp)
<USPSC-img/CapaICMC.jpg>
File: USPSC-img/USPSC-PaginaEmBranco.jpg Graphic file (type bmp)
<USPSC-img/USPSC-PaginaEmBranco.jpg>
 [7

]
File: USPSC-img/CapaICMC.jpg Graphic file (type bmp)
<USPSC-img/CapaICMC.jpg>
File: USPSC-img/USPSC-PaginaEmBranco.jpg Graphic file (type bmp)
<USPSC-img/USPSC-PaginaEmBranco.jpg>
 [8

])
\openout2 = `USPSC-TA-PreTextual/USPSC-Agradecimentos.aux'.


(./USPSC-TA-PreTextual/USPSC-Agradecimentos.tex
File: USPSC-img/CapaICMC.jpg Graphic file (type bmp)
<USPSC-img/CapaICMC.jpg>
File: USPSC-img/USPSC-PaginaEmBranco.jpg Graphic file (type bmp)
<USPSC-img/USPSC-PaginaEmBranco.jpg>
 [9




]
File: USPSC-img/CapaICMC.jpg Graphic file (type bmp)
<USPSC-img/CapaICMC.jpg>
File: USPSC-img/USPSC-PaginaEmBranco.jpg Graphic file (type bmp)
<USPSC-img/USPSC-PaginaEmBranco.jpg>
 [10

])
\openout2 = `USPSC-TA-PreTextual/USPSC-Resumo.aux'.


(./USPSC-TA-PreTextual/USPSC-Resumo.tex
File: USPSC-img/CapaICMC.jpg Graphic file (type bmp)
<USPSC-img/CapaICMC.jpg>
File: USPSC-img/USPSC-PaginaEmBranco.jpg Graphic file (type bmp)
<USPSC-img/USPSC-PaginaEmBranco.jpg>
 [11



]
File: USPSC-img/CapaICMC.jpg Graphic file (type bmp)
<USPSC-img/CapaICMC.jpg>
File: USPSC-img/USPSC-PaginaEmBranco.jpg Graphic file (type bmp)
<USPSC-img/USPSC-PaginaEmBranco.jpg>
 [12

])
\openout2 = `USPSC-TA-PreTextual/USPSC-Abstract.aux'.


(./USPSC-TA-PreTextual/USPSC-Abstract.tex
File: USPSC-img/CapaICMC.jpg Graphic file (type bmp)
<USPSC-img/CapaICMC.jpg>
File: USPSC-img/USPSC-PaginaEmBranco.jpg Graphic file (type bmp)
<USPSC-img/USPSC-PaginaEmBranco.jpg>
 [13



]
File: USPSC-img/CapaICMC.jpg Graphic file (type bmp)
<USPSC-img/CapaICMC.jpg>
File: USPSC-img/USPSC-PaginaEmBranco.jpg Graphic file (type bmp)
<USPSC-img/USPSC-PaginaEmBranco.jpg>
 [14

]) (./USPSC-modelo-ICMCp.lof)
File: USPSC-img/CapaICMC.jpg Graphic file (type bmp)
<USPSC-img/CapaICMC.jpg>
File: USPSC-img/USPSC-PaginaEmBranco.jpg Graphic file (type bmp)
<USPSC-img/USPSC-PaginaEmBranco.jpg>
[15


]
File: USPSC-img/CapaICMC.jpg Graphic file (type bmp)
<USPSC-img/CapaICMC.jpg>
File: USPSC-img/USPSC-PaginaEmBranco.jpg Graphic file (type bmp)
<USPSC-img/USPSC-PaginaEmBranco.jpg>
 [16

] (./USPSC-modelo-ICMCp.lot)
File: USPSC-img/CapaICMC.jpg Graphic file (type bmp)
<USPSC-img/CapaICMC.jpg>
File: USPSC-img/USPSC-PaginaEmBranco.jpg Graphic file (type bmp)
<USPSC-img/USPSC-PaginaEmBranco.jpg>
 [17]
File: USPSC-img/CapaICMC.jpg Graphic file (type bmp)
<USPSC-img/CapaICMC.jpg>
File: USPSC-img/USPSC-PaginaEmBranco.jpg Graphic file (type bmp)
<USPSC-img/USPSC-PaginaEmBranco.jpg>
 [18

] (./USPSC-modelo-ICMCp.toc
LaTeX Font Info:    Font shape `T1/lmss/m/it' in size <12> not available
(Font)              Font shape `T1/lmss/m/sl' tried instead on input line 17.
)
File: USPSC-img/CapaICMC.jpg Graphic file (type bmp)
<USPSC-img/CapaICMC.jpg>
File: USPSC-img/USPSC-PaginaEmBranco.jpg Graphic file (type bmp)
<USPSC-img/USPSC-PaginaEmBranco.jpg>

[19]
File: USPSC-img/CapaICMC.jpg Graphic file (type bmp)
<USPSC-img/CapaICMC.jpg>
File: USPSC-img/USPSC-PaginaEmBranco.jpg Graphic file (type bmp)
<USPSC-img/USPSC-PaginaEmBranco.jpg>
 [20

]
\openout2 = `USPSC-TA-Textual/USPSC-Cap1-Introducao.aux'.

 (./USPSC-TA-Textual/USPSC-Cap1-Introducao.tex
File: USPSC-img/CapaICMC.jpg Graphic file (type bmp)
<USPSC-img/CapaICMC.jpg>
File: USPSC-img/USPSC-PaginaEmBranco.jpg Graphic file (type bmp)
<USPSC-img/USPSC-PaginaEmBranco.jpg>
 [21


]
File: USPSC-img/fluxo-geral-trabalho.pdf Graphic file (type pdf)
<use USPSC-img/fluxo-geral-trabalho.pdf>
)
File: USPSC-img/CapaICMC.jpg Graphic file (type bmp)
<USPSC-img/CapaICMC.jpg>
File: USPSC-img/USPSC-PaginaEmBranco.jpg Graphic file (type bmp)
<USPSC-img/USPSC-PaginaEmBranco.jpg>
 [22]
File: USPSC-img/CapaICMC.jpg Graphic file (type bmp)
<USPSC-img/CapaICMC.jpg>
File: USPSC-img/USPSC-PaginaEmBranco.jpg Graphic file (type bmp)
<USPSC-img/USPSC-PaginaEmBranco.jpg>
 [23]
\openout2 = `USPSC-TA-Textual/USPSC-Cap2-RevisaoBibliografica.aux'.


(./USPSC-TA-Textual/USPSC-Cap2-RevisaoBibliografica.tex
File: USPSC-img/CapaICMC.jpg Graphic file (type bmp)
<USPSC-img/CapaICMC.jpg>
File: USPSC-img/USPSC-PaginaEmBranco.jpg Graphic file (type bmp)
<USPSC-img/USPSC-PaginaEmBranco.jpg>
 [24




]
Overfull \hbox (5.3148pt too wide) in paragraph at lines 13--14
\T1/lmr/m/n/12 di-zado. Exis-tem sis-te-mas su-per-vi-si-o-na-dos, no su-per-v
i-si-o-na-dos, semi-supervisionados, auto-
 []

File: USPSC-img/CapaICMC.jpg Graphic file (type bmp)
<USPSC-img/CapaICMC.jpg>
File: USPSC-img/USPSC-PaginaEmBranco.jpg Graphic file (type bmp)
<USPSC-img/USPSC-PaginaEmBranco.jpg>
[25]
Missing character: There is no  ("201C) in font ec-lmr12!
Missing character: There is no  ("201D) in font ec-lmr12!
File: USPSC-img/funcao-logistica.png Graphic file (type bmp)
<USPSC-img/funcao-logistica.png>
File: USPSC-img/CapaICMC.jpg Graphic file (type bmp)
<USPSC-img/CapaICMC.jpg>
File: USPSC-img/USPSC-PaginaEmBranco.jpg Graphic file (type bmp)
<USPSC-img/USPSC-PaginaEmBranco.jpg>
[26]
File: USPSC-img/Kernel_Machine.png Graphic file (type bmp)
<USPSC-img/Kernel_Machine.png>

Underfull \vbox (badness 1803) has occurred while \output is active []

File: USPSC-img/CapaICMC.jpg Graphic file (type bmp)
<USPSC-img/CapaICMC.jpg>
File: USPSC-img/USPSC-PaginaEmBranco.jpg Graphic file (type bmp)
<USPSC-img/USPSC-PaginaEmBranco.jpg>
 [27]
File: USPSC-img/random_forest_example.pdf Graphic file (type pdf)
<use USPSC-img/random_forest_example.pdf>

Underfull \vbox (badness 1509) has occurred while \output is active []

File: USPSC-img/CapaICMC.jpg Graphic file (type bmp)
<USPSC-img/CapaICMC.jpg>
File: USPSC-img/USPSC-PaginaEmBranco.jpg Graphic file (type bmp)
<USPSC-img/USPSC-PaginaEmBranco.jpg>
 [28]
File: USPSC-img/CapaICMC.jpg Graphic file (type bmp)
<USPSC-img/CapaICMC.jpg>
File: USPSC-img/USPSC-PaginaEmBranco.jpg Graphic file (type bmp)
<USPSC-img/USPSC-PaginaEmBranco.jpg>

[29]
File: USPSC-img/CapaICMC.jpg Graphic file (type bmp)
<USPSC-img/CapaICMC.jpg>
File: USPSC-img/USPSC-PaginaEmBranco.jpg Graphic file (type bmp)
<USPSC-img/USPSC-PaginaEmBranco.jpg>
 [30]
Underfull \vbox (badness 10000) has occurred while \output is active []

File: USPSC-img/CapaICMC.jpg Graphic file (type bmp)
<USPSC-img/CapaICMC.jpg>
File: USPSC-img/USPSC-PaginaEmBranco.jpg Graphic file (type bmp)
<USPSC-img/USPSC-PaginaEmBranco.jpg>
 [31]
File: USPSC-img/CapaICMC.jpg Graphic file (type bmp)
<USPSC-img/CapaICMC.jpg>
File: USPSC-img/USPSC-PaginaEmBranco.jpg Graphic file (type bmp)
<USPSC-img/USPSC-PaginaEmBranco.jpg>

[32])
File: USPSC-img/CapaICMC.jpg Graphic file (type bmp)
<USPSC-img/CapaICMC.jpg>
File: USPSC-img/USPSC-PaginaEmBranco.jpg Graphic file (type bmp)
<USPSC-img/USPSC-PaginaEmBranco.jpg>
 [33]
\openout2 = `USPSC-TA-Textual/USPSC-Cap3-Desenvolvimento.aux'.

 (./USPSC-TA-Textual/USPSC-Cap3-Desenvolvimento.tex
File: USPSC-img/CapaICMC.jpg Graphic file (type bmp)
<USPSC-img/CapaICMC.jpg>
File: USPSC-img/USPSC-PaginaEmBranco.jpg Graphic file (type bmp)
<USPSC-img/USPSC-PaginaEmBranco.jpg>
 [34




]
LaTeX Font Info:    External font `lmex10' loaded for size
(Font)              <10.95> on input line 73.

Underfull \vbox (badness 1038) has occurred while \output is active []

File: USPSC-img/CapaICMC.jpg Graphic file (type bmp)
<USPSC-img/CapaICMC.jpg>
File: USPSC-img/USPSC-PaginaEmBranco.jpg Graphic file (type bmp)
<USPSC-img/USPSC-PaginaEmBranco.jpg>
 [35]
Underfull \vbox (badness 10000) has occurred while \output is active []

File: USPSC-img/CapaICMC.jpg Graphic file (type bmp)
<USPSC-img/CapaICMC.jpg>
File: USPSC-img/USPSC-PaginaEmBranco.jpg Graphic file (type bmp)
<USPSC-img/USPSC-PaginaEmBranco.jpg>
 [36]
File: USPSC-img/CapaICMC.jpg Graphic file (type bmp)
<USPSC-img/CapaICMC.jpg>
File: USPSC-img/USPSC-PaginaEmBranco.jpg Graphic file (type bmp)
<USPSC-img/USPSC-PaginaEmBranco.jpg>

[37]
File: USPSC-img/criacao_target.pdf Graphic file (type pdf)
<use USPSC-img/criacao_target.pdf>
File: USPSC-img/fluxo-limpeza.pdf Graphic file (type pdf)
<use USPSC-img/fluxo-limpeza.pdf>

Underfull \vbox (badness 1509) has occurred while \output is active []

File: USPSC-img/CapaICMC.jpg Graphic file (type bmp)
<USPSC-img/CapaICMC.jpg>
File: USPSC-img/USPSC-PaginaEmBranco.jpg Graphic file (type bmp)
<USPSC-img/USPSC-PaginaEmBranco.jpg>
 [38]
Underfull \vbox (badness 10000) has occurred while \output is active []

File: USPSC-img/CapaICMC.jpg Graphic file (type bmp)
<USPSC-img/CapaICMC.jpg>
File: USPSC-img/USPSC-PaginaEmBranco.jpg Graphic file (type bmp)
<USPSC-img/USPSC-PaginaEmBranco.jpg>
 [39]
File: USPSC-img/preprocessamento.pdf Graphic file (type pdf)
<use USPSC-img/preprocessamento.pdf>

Underfull \vbox (badness 10000) has occurred while \output is active []

File: USPSC-img/CapaICMC.jpg Graphic file (type bmp)
<USPSC-img/CapaICMC.jpg>
File: USPSC-img/USPSC-PaginaEmBranco.jpg Graphic file (type bmp)
<USPSC-img/USPSC-PaginaEmBranco.jpg>
 [40]
File: USPSC-img/Curva ROC - GradientBoosting.png Graphic file (type bmp)
<USPSC-img/Curva ROC - GradientBoosting.png>
File: USPSC-img/Curva ROC - KNN.png Graphic file (type bmp)
<USPSC-img/Curva ROC - KNN.png>
File: USPSC-img/Curva ROC - LGBM.png Graphic file (type bmp)
<USPSC-img/Curva ROC - LGBM.png>
File: USPSC-img/Curva ROC - LogisticRegression.png Graphic file (type bmp)
<USPSC-img/Curva ROC - LogisticRegression.png>
File: USPSC-img/Curva ROC - RandomForest.png Graphic file (type bmp)
<USPSC-img/Curva ROC - RandomForest.png>
File: USPSC-img/Curva ROC - SVM.png Graphic file (type bmp)
<USPSC-img/Curva ROC - SVM.png>
File: USPSC-img/Curva ROC - XGB.png Graphic file (type bmp)
<USPSC-img/Curva ROC - XGB.png>

Underfull \vbox (badness 10000) has occurred while \output is active []

File: USPSC-img/CapaICMC.jpg Graphic file (type bmp)
<USPSC-img/CapaICMC.jpg>
File: USPSC-img/USPSC-PaginaEmBranco.jpg Graphic file (type bmp)
<USPSC-img/USPSC-PaginaEmBranco.jpg>
 [41]
File: USPSC-img/CapaICMC.jpg Graphic file (type bmp)
<USPSC-img/CapaICMC.jpg>
File: USPSC-img/USPSC-PaginaEmBranco.jpg Graphic file (type bmp)
<USPSC-img/USPSC-PaginaEmBranco.jpg>

[42]
File: USPSC-img/hiperparametros.pdf Graphic file (type pdf)
<use USPSC-img/hiperparametros.pdf>
File: USPSC-img/curva_roc_modelos_sem_tunagem_hiperparametros.png Graphic file 
(type bmp)
<USPSC-img/curva_roc_modelos_sem_tunagem_hiperparametros.png>
File: USPSC-img/curva_roc_modelos_com_tunagem_hiperparametros.png Graphic file 
(type bmp)
<USPSC-img/curva_roc_modelos_com_tunagem_hiperparametros.png>
File: USPSC-img/CapaICMC.jpg Graphic file (type bmp)
<USPSC-img/CapaICMC.jpg>
File: USPSC-img/USPSC-PaginaEmBranco.jpg Graphic file (type bmp)
<USPSC-img/USPSC-PaginaEmBranco.jpg>
 [43]
File: USPSC-img/curva_roc_modelos_teste.png Graphic file (type bmp)
<USPSC-img/curva_roc_modelos_teste.png>

Underfull \vbox (badness 10000) has occurred while \output is active []

File: USPSC-img/CapaICMC.jpg Graphic file (type bmp)
<USPSC-img/CapaICMC.jpg>
File: USPSC-img/USPSC-PaginaEmBranco.jpg Graphic file (type bmp)
<USPSC-img/USPSC-PaginaEmBranco.jpg>
 [44]
File: USPSC-img/comparacao_metricas_por_modelo.png Graphic file (type bmp)
<USPSC-img/comparacao_metricas_por_modelo.png>
File: USPSC-img/CapaICMC.jpg Graphic file (type bmp)
<USPSC-img/CapaICMC.jpg>
File: USPSC-img/USPSC-PaginaEmBranco.jpg Graphic file (type bmp)
<USPSC-img/USPSC-PaginaEmBranco.jpg>

[45]
File: USPSC-img/CapaICMC.jpg Graphic file (type bmp)
<USPSC-img/CapaICMC.jpg>
File: USPSC-img/USPSC-PaginaEmBranco.jpg Graphic file (type bmp)
<USPSC-img/USPSC-PaginaEmBranco.jpg>
 [46]
File: USPSC-img/variacao_pct_metricas_teste_por_modelo.png Graphic file (type b
mp)
<USPSC-img/variacao_pct_metricas_teste_por_modelo.png>

Overfull \hbox (50.88754pt too wide) in paragraph at lines 354--355
 [][] 
 []

File: USPSC-img/CapaICMC.jpg Graphic file (type bmp)
<USPSC-img/CapaICMC.jpg>
File: USPSC-img/USPSC-PaginaEmBranco.jpg Graphic file (type bmp)
<USPSC-img/USPSC-PaginaEmBranco.jpg>
[47]
File: USPSC-img/exemplo_beeswarm.png Graphic file (type bmp)
<USPSC-img/exemplo_beeswarm.png>
File: USPSC-img/top-features-lgbm.png Graphic file (type bmp)
<USPSC-img/top-features-lgbm.png>

Underfull \vbox (badness 10000) has occurred while \output is active []

File: USPSC-img/CapaICMC.jpg Graphic file (type bmp)
<USPSC-img/CapaICMC.jpg>
File: USPSC-img/USPSC-PaginaEmBranco.jpg Graphic file (type bmp)
<USPSC-img/USPSC-PaginaEmBranco.jpg>
 [48]
Underfull \vbox (badness 7344) has occurred while \output is active []

File: USPSC-img/CapaICMC.jpg Graphic file (type bmp)
<USPSC-img/CapaICMC.jpg>
File: USPSC-img/USPSC-PaginaEmBranco.jpg Graphic file (type bmp)
<USPSC-img/USPSC-PaginaEmBranco.jpg>
 [49])
File: USPSC-img/CapaICMC.jpg Graphic file (type bmp)
<USPSC-img/CapaICMC.jpg>
File: USPSC-img/USPSC-PaginaEmBranco.jpg Graphic file (type bmp)
<USPSC-img/USPSC-PaginaEmBranco.jpg>

[50]
\openout2 = `USPSC-TA-Textual/USPSC-Cap4-Conclusao.aux'.

 (./USPSC-TA-Textual/USPSC-Cap4-Conclusao.tex)
File: USPSC-img/CapaICMC.jpg Graphic file (type bmp)
<USPSC-img/CapaICMC.jpg>
File: USPSC-img/USPSC-PaginaEmBranco.jpg Graphic file (type bmp)
<USPSC-img/USPSC-PaginaEmBranco.jpg>
 [51




]
(./USPSC-modelo-ICMCp.bbl
File: USPSC-img/CapaICMC.jpg Graphic file (type bmp)
<USPSC-img/CapaICMC.jpg>
File: USPSC-img/USPSC-PaginaEmBranco.jpg Graphic file (type bmp)
<USPSC-img/USPSC-PaginaEmBranco.jpg>
 [52



]

Package hyperref Warning: Token not allowed in a PDF string (Unicode):
(hyperref)                removing `\uppercase' on input line 3.

bibitemlist
File: USPSC-img/CapaICMC.jpg Graphic file (type bmp)
<USPSC-img/CapaICMC.jpg>
File: USPSC-img/USPSC-PaginaEmBranco.jpg Graphic file (type bmp)
<USPSC-img/USPSC-PaginaEmBranco.jpg>
[53]
Missing character: There is no  ("2014) in font ec-lmr12!
File: USPSC-img/CapaICMC.jpg Graphic file (type bmp)
<USPSC-img/CapaICMC.jpg>
File: USPSC-img/USPSC-PaginaEmBranco.jpg Graphic file (type bmp)
<USPSC-img/USPSC-PaginaEmBranco.jpg>
[54]
File: USPSC-img/CapaICMC.jpg Graphic file (type bmp)
<USPSC-img/CapaICMC.jpg>
File: USPSC-img/USPSC-PaginaEmBranco.jpg Graphic file (type bmp)
<USPSC-img/USPSC-PaginaEmBranco.jpg>
 [55]) 
AED: lastpage setting LastPage
File: USPSC-img/CapaICMC.jpg Graphic file (type bmp)
<USPSC-img/CapaICMC.jpg>
File: USPSC-img/USPSC-PaginaEmBranco.jpg Graphic file (type bmp)
<USPSC-img/USPSC-PaginaEmBranco.jpg>
[56]
\tf@lof=\write7
\openout7 = `USPSC-modelo-ICMCp.lof'.

\tf@lot=\write8
\openout8 = `USPSC-modelo-ICMCp.lot'.

\tf@toc=\write9
\openout9 = `USPSC-modelo-ICMCp.toc'.

 (./USPSC-modelo-ICMCp.aux (./USPSC-TA-PreTextual/USPSC-CapaICMC.aux)
(./USPSC-TA-PreTextual/USPSC-Dedicatoria.aux)
(./USPSC-TA-PreTextual/USPSC-Agradecimentos.aux)
(./USPSC-TA-PreTextual/USPSC-Resumo.aux)
(./USPSC-TA-PreTextual/USPSC-Abstract.aux)
(./USPSC-TA-Textual/USPSC-Cap1-Introducao.aux)
(./USPSC-TA-Textual/USPSC-Cap2-RevisaoBibliografica.aux)
(./USPSC-TA-Textual/USPSC-Cap3-Desenvolvimento.aux)
(./USPSC-TA-Textual/USPSC-Cap4-Conclusao.aux))

LaTeX Warning: There were multiply-defined labels.

 ) 
Here is how much of TeX's memory you used:
 42902 strings out of 475865
 934741 string characters out of 5799411
 1359274 words of memory out of 5000000
 63181 multiletter control sequences out of 15000+600000
 537803 words of font info for 70 fonts, out of 8000000 for 9000
 1348 hyphenation exceptions out of 8191
 99i,17n,94p,1419b,1127s stack positions out of 10000i,1000n,20000p,200000b,200000s

Output written on USPSC-modelo-ICMCp.pdf (56 pages).
